要求ハードリソース
  memory (s_vmem): 1024M = 1 タスクは 1 スロットあたり 1024M バイトのメモリを要求します
  slots (def_slot): 1 = 1 タスクは 100% の CPU を要求します
  total memory: 1024M = 1 タスクは 1024M バイトのメモリを要求します
  Resource list: mem_free=1G
アレイジョブのタスク
  SGE_TASK_FIRST: 1
  SGE_TASK_LAST: 24
  SGE_TASK_STEPSIZE: 1
Your job-array 72721491.1-24:1 ("jAN000_SVdb") has been submitted
要求ハードリソース
  memory (s_vmem): 12G = ジョブは 1 スロットあたり 12G バイトのメモリを要求します
  slots (def_slot): 1 = ジョブは 100% の CPU を要求します
  total memory: 12G = ジョブは 12G バイトのメモリを要求します
  Resource list: mem_free=12G
Your job 72721493 ("qIdxAN000") has been submitted
要求ハードリソース
  memory (s_vmem): 4G = 1 タスクは 1 スロットあたり 4G バイトのメモリを要求します
  slots (def_slot): 2 = 1 タスクは 200% の CPU を要求します
  total memory: 8G = 1 タスクは 8G バイトのメモリを要求します
  Resource list: mem_free=4G
アレイジョブのタスク
  SGE_TASK_FIRST: 1
  SGE_TASK_LAST: 10
  SGE_TASK_STEPSIZE: 1
Your job-array 72721543.1-10:1 ("jAN000_bwa_230101_D00000_0001_AN0NYMXX") has been submitted
要求ハードリソース
  memory (s_vmem): 4G = 1 タスクは 1 スロットあたり 4G バイトのメモリを要求します
  slots (def_slot): 2 = 1 タスクは 200% の CPU を要求します
  total memory: 8G = 1 タスクは 8G バイトのメモリを要求します
  Resource list: mem_free=4G
アレイジョブのタスク
  SGE_TASK_FIRST: 1
  SGE_TASK_LAST: 5
  SGE_TASK_STEPSIZE: 1
Your job-array 72721544.1-5:1 ("jAN000_bwa_230101_D00000_0002_AN0NYMXX") has been submitted
要求ハードリソース
  memory (s_vmem): 4G = 1 タスクは 1 スロットあたり 4G バイトのメモリを要求します
  slots (def_slot): 2 = 1 タスクは 200% の CPU を要求します
  total memory: 8G = 1 タスクは 8G バイトのメモリを要求します
  Resource list: mem_free=4G
アレイジョブのタスク
  SGE_TASK_FIRST: 1
  SGE_TASK_LAST: 5
  SGE_TASK_STEPSIZE: 1
Your job-array 72721545.1-5:1 ("jAN000_bwa_230101_D00000_0003_AN0NYMXX") has been submitted
要求ハードリソース
  memory (s_vmem): 4G = 1 タスクは 1 スロットあたり 4G バイトのメモリを要求します
  slots (def_slot): 2 = 1 タスクは 200% の CPU を要求します
  total memory: 8G = 1 タスクは 8G バイトのメモリを要求します
  Resource list: mem_free=4G
アレイジョブのタスク
  SGE_TASK_FIRST: 1
  SGE_TASK_LAST: 8
  SGE_TASK_STEPSIZE: 1
Your job-array 72721546.1-8:1 ("jAN000_bwa_230101_L00000_0001_AN0NYMXX") has been submitted
要求ハードリソース
  memory (s_vmem): 4G = 1 タスクは 1 スロットあたり 4G バイトのメモリを要求します
  slots (def_slot): 2 = 1 タスクは 200% の CPU を要求します
  total memory: 8G = 1 タスクは 8G バイトのメモリを要求します
  Resource list: mem_free=4G
アレイジョブのタスク
  SGE_TASK_FIRST: 1
  SGE_TASK_LAST: 7
  SGE_TASK_STEPSIZE: 1
Your job-array 72721547.1-7:1 ("jAN000_bwa_230101_L00000_0002_AN0NYMXX") has been submitted
要求ハードリソース
  memory (s_vmem): 2G = 1 タスクは 1 スロットあたり 2G バイトのメモリを要求します
  slots (def_slot): 2 = 1 タスクは 200% の CPU を要求します
  total memory: 4G = 1 タスクは 4G バイトのメモリを要求します
  Resource list: mem_free=2G
アレイジョブのタスク
  SGE_TASK_FIRST: 1
  SGE_TASK_LAST: 10
  SGE_TASK_STEPSIZE: 1
Your job-array 72721549.1-10:1 ("jAN000_ref_230101_D00000_0001_AN0NYMXX") has been submitted
要求ハードリソース
  memory (s_vmem): 2G = 1 タスクは 1 スロットあたり 2G バイトのメモリを要求します
  slots (def_slot): 2 = 1 タスクは 200% の CPU を要求します
  total memory: 4G = 1 タスクは 4G バイトのメモリを要求します
  Resource list: mem_free=2G
アレイジョブのタスク
  SGE_TASK_FIRST: 1
  SGE_TASK_LAST: 5
  SGE_TASK_STEPSIZE: 1
Your job-array 72721550.1-5:1 ("jAN000_ref_230101_D00000_0002_AN0NYMXX") has been submitted
要求ハードリソース
  memory (s_vmem): 2G = 1 タスクは 1 スロットあたり 2G バイトのメモリを要求します
  slots (def_slot): 2 = 1 タスクは 200% の CPU を要求します
  total memory: 4G = 1 タスクは 4G バイトのメモリを要求します
  Resource list: mem_free=2G
アレイジョブのタスク
  SGE_TASK_FIRST: 1
  SGE_TASK_LAST: 5
  SGE_TASK_STEPSIZE: 1
Your job-array 72721551.1-5:1 ("jAN000_ref_230101_D00000_0003_AN0NYMXX") has been submitted
要求ハードリソース
  memory (s_vmem): 2G = 1 タスクは 1 スロットあたり 2G バイトのメモリを要求します
  slots (def_slot): 2 = 1 タスクは 200% の CPU を要求します
  total memory: 4G = 1 タスクは 4G バイトのメモリを要求します
  Resource list: mem_free=2G
アレイジョブのタスク
  SGE_TASK_FIRST: 1
  SGE_TASK_LAST: 8
  SGE_TASK_STEPSIZE: 1
Your job-array 72721552.1-8:1 ("jAN000_ref_230101_L00000_0001_AN0NYMXX") has been submitted
要求ハードリソース
  memory (s_vmem): 2G = 1 タスクは 1 スロットあたり 2G バイトのメモリを要求します
  slots (def_slot): 2 = 1 タスクは 200% の CPU を要求します
  total memory: 4G = 1 タスクは 4G バイトのメモリを要求します
  Resource list: mem_free=2G
アレイジョブのタスク
  SGE_TASK_FIRST: 1
  SGE_TASK_LAST: 7
  SGE_TASK_STEPSIZE: 1
Your job-array 72721553.1-7:1 ("jAN000_ref_230101_L00000_0002_AN0NYMXX") has been submitted
要求ハードリソース
  memory (s_vmem): 8G = ジョブは 1 スロットあたり 8G バイトのメモリを要求します
  slots (def_slot): 1 = ジョブは 100% の CPU を要求します
  total memory: 8G = ジョブは 8G バイトのメモリを要求します
  Resource list: mem_free=8G
Your job 72721608 ("jAN000_ls_tumor") has been submitted
要求ハードリソース
  memory (s_vmem): 8G = ジョブは 1 スロットあたり 8G バイトのメモリを要求します
  slots (def_slot): 1 = ジョブは 100% の CPU を要求します
  total memory: 8G = ジョブは 8G バイトのメモリを要求します
  Resource list: mem_free=8G
Your job 72721610 ("jAN000_ls_normal") has been submitted
要求ハードリソース
  memory (s_vmem): 1024M = 1 タスクは 1 スロットあたり 1024M バイトのメモリを要求します
  slots (def_slot): 1 = 1 タスクは 100% の CPU を要求します
  total memory: 1024M = 1 タスクは 1024M バイトのメモリを要求します
  Resource list: mem_free=1G
アレイジョブのタスク
  SGE_TASK_FIRST: 1
  SGE_TASK_LAST: 3
  SGE_TASK_STEPSIZE: 1
Your job-array 72721687.1-3:1 ("jAN000_addCnt") has been submitted
要求ハードリソース
  memory (s_vmem): 2G = ジョブは 1 スロットあたり 2G バイトのメモリを要求します
  slots (def_slot): 1 = ジョブは 100% の CPU を要求します
  total memory: 2G = ジョブは 2G バイトのメモリを要求します
  Resource list: mem_free=2G
Your job 72721689 ("jAN000_Ftest") has been submitted
