要求ハードリソース
  memory (s_vmem): 1024M = 1 タスクは 1 スロットあたり 1024M バイトのメモリを要求します
  slots (def_slot): 1 = 1 タスクは 100% の CPU を要求します
  total memory: 1024M = 1 タスクは 1024M バイトのメモリを要求します
  Resource list: mem_free=1G
アレイジョブのタスク
  SGE_TASK_FIRST: 1
  SGE_TASK_LAST: 24
  SGE_TASK_STEPSIZE: 1
Your job-array 72721698.1-24:1 ("jAN999_SVdb") has been submitted
要求ハードリソース
  memory (s_vmem): 12G = ジョブは 1 スロットあたり 12G バイトのメモリを要求します
  slots (def_slot): 1 = ジョブは 100% の CPU を要求します
  total memory: 12G = ジョブは 12G バイトのメモリを要求します
  Resource list: mem_free=12G
Your job 72721699 ("qIdxAN999") has been submitted
要求ハードリソース
  memory (s_vmem): 4G = 1 タスクは 1 スロットあたり 4G バイトのメモリを要求します
  slots (def_slot): 2 = 1 タスクは 200% の CPU を要求します
  total memory: 8G = 1 タスクは 8G バイトのメモリを要求します
  Resource list: mem_free=4G
アレイジョブのタスク
  SGE_TASK_FIRST: 1
  SGE_TASK_LAST: 10
  SGE_TASK_STEPSIZE: 1
Your job-array 72721726.1-10:1 ("jAN999_bwa_230101_D00999_0001_AN0NYMXX") has been submitted
要求ハードリソース
  memory (s_vmem): 4G = 1 タスクは 1 スロットあたり 4G バイトのメモリを要求します
  slots (def_slot): 2 = 1 タスクは 200% の CPU を要求します
  total memory: 8G = 1 タスクは 8G バイトのメモリを要求します
  Resource list: mem_free=4G
アレイジョブのタスク
  SGE_TASK_FIRST: 1
  SGE_TASK_LAST: 5
  SGE_TASK_STEPSIZE: 1
Your job-array 72721727.1-5:1 ("jAN999_bwa_230101_D00999_0002_AN0NYMXX") has been submitted
要求ハードリソース
  memory (s_vmem): 4G = 1 タスクは 1 スロットあたり 4G バイトのメモリを要求します
  slots (def_slot): 2 = 1 タスクは 200% の CPU を要求します
  total memory: 8G = 1 タスクは 8G バイトのメモリを要求します
  Resource list: mem_free=4G
アレイジョブのタスク
  SGE_TASK_FIRST: 1
  SGE_TASK_LAST: 5
  SGE_TASK_STEPSIZE: 1
Your job-array 72721728.1-5:1 ("jAN999_bwa_230101_D00999_0003_AN0NYMXX") has been submitted
要求ハードリソース
  memory (s_vmem): 4G = 1 タスクは 1 スロットあたり 4G バイトのメモリを要求します
  slots (def_slot): 2 = 1 タスクは 200% の CPU を要求します
  total memory: 8G = 1 タスクは 8G バイトのメモリを要求します
  Resource list: mem_free=4G
アレイジョブのタスク
  SGE_TASK_FIRST: 1
  SGE_TASK_LAST: 8
  SGE_TASK_STEPSIZE: 1
Your job-array 72721729.1-8:1 ("jAN999_bwa_230101_L00999_0001_AN0NYMXX") has been submitted
要求ハードリソース
  memory (s_vmem): 4G = 1 タスクは 1 スロットあたり 4G バイトのメモリを要求します
  slots (def_slot): 2 = 1 タスクは 200% の CPU を要求します
  total memory: 8G = 1 タスクは 8G バイトのメモリを要求します
  Resource list: mem_free=4G
アレイジョブのタスク
  SGE_TASK_FIRST: 1
  SGE_TASK_LAST: 7
  SGE_TASK_STEPSIZE: 1
Your job-array 72721730.1-7:1 ("jAN999_bwa_230101_L00999_0002_AN0NYMXX") has been submitted
要求ハードリソース
  memory (s_vmem): 2G = 1 タスクは 1 スロットあたり 2G バイトのメモリを要求します
  slots (def_slot): 2 = 1 タスクは 200% の CPU を要求します
  total memory: 4G = 1 タスクは 4G バイトのメモリを要求します
  Resource list: mem_free=2G
アレイジョブのタスク
  SGE_TASK_FIRST: 1
  SGE_TASK_LAST: 10
  SGE_TASK_STEPSIZE: 1
Your job-array 72721731.1-10:1 ("jAN999_ref_230101_D00999_0001_AN0NYMXX") has been submitted
要求ハードリソース
  memory (s_vmem): 2G = 1 タスクは 1 スロットあたり 2G バイトのメモリを要求します
  slots (def_slot): 2 = 1 タスクは 200% の CPU を要求します
  total memory: 4G = 1 タスクは 4G バイトのメモリを要求します
  Resource list: mem_free=2G
アレイジョブのタスク
  SGE_TASK_FIRST: 1
  SGE_TASK_LAST: 5
  SGE_TASK_STEPSIZE: 1
Your job-array 72721732.1-5:1 ("jAN999_ref_230101_D00999_0002_AN0NYMXX") has been submitted
要求ハードリソース
  memory (s_vmem): 2G = 1 タスクは 1 スロットあたり 2G バイトのメモリを要求します
  slots (def_slot): 2 = 1 タスクは 200% の CPU を要求します
  total memory: 4G = 1 タスクは 4G バイトのメモリを要求します
  Resource list: mem_free=2G
アレイジョブのタスク
  SGE_TASK_FIRST: 1
  SGE_TASK_LAST: 5
  SGE_TASK_STEPSIZE: 1
Your job-array 72721733.1-5:1 ("jAN999_ref_230101_D00999_0003_AN0NYMXX") has been submitted
要求ハードリソース
  memory (s_vmem): 2G = 1 タスクは 1 スロットあたり 2G バイトのメモリを要求します
  slots (def_slot): 2 = 1 タスクは 200% の CPU を要求します
  total memory: 4G = 1 タスクは 4G バイトのメモリを要求します
  Resource list: mem_free=2G
アレイジョブのタスク
  SGE_TASK_FIRST: 1
  SGE_TASK_LAST: 8
  SGE_TASK_STEPSIZE: 1
Your job-array 72721734.1-8:1 ("jAN999_ref_230101_L00999_0001_AN0NYMXX") has been submitted
要求ハードリソース
  memory (s_vmem): 2G = 1 タスクは 1 スロットあたり 2G バイトのメモリを要求します
  slots (def_slot): 2 = 1 タスクは 200% の CPU を要求します
  total memory: 4G = 1 タスクは 4G バイトのメモリを要求します
  Resource list: mem_free=2G
アレイジョブのタスク
  SGE_TASK_FIRST: 1
  SGE_TASK_LAST: 7
  SGE_TASK_STEPSIZE: 1
Your job-array 72721736.1-7:1 ("jAN999_ref_230101_L00999_0002_AN0NYMXX") has been submitted
要求ハードリソース
  memory (s_vmem): 8G = ジョブは 1 スロットあたり 8G バイトのメモリを要求します
  slots (def_slot): 1 = ジョブは 100% の CPU を要求します
  total memory: 8G = ジョブは 8G バイトのメモリを要求します
  Resource list: mem_free=8G
Your job 72721743 ("jAN999_ls_tumor") has been submitted
要求ハードリソース
  memory (s_vmem): 8G = ジョブは 1 スロットあたり 8G バイトのメモリを要求します
  slots (def_slot): 1 = ジョブは 100% の CPU を要求します
  total memory: 8G = ジョブは 8G バイトのメモリを要求します
  Resource list: mem_free=8G
Your job 72721744 ("jAN999_ls_normal") has been submitted
要求ハードリソース
  memory (s_vmem): 1024M = 1 タスクは 1 スロットあたり 1024M バイトのメモリを要求します
  slots (def_slot): 1 = 1 タスクは 100% の CPU を要求します
  total memory: 1024M = 1 タスクは 1024M バイトのメモリを要求します
  Resource list: mem_free=1G
アレイジョブのタスク
  SGE_TASK_FIRST: 1
  SGE_TASK_LAST: 4
  SGE_TASK_STEPSIZE: 1
Your job-array 72721747.1-4:1 ("jAN999_addCnt") has been submitted
要求ハードリソース
  memory (s_vmem): 2G = ジョブは 1 スロットあたり 2G バイトのメモリを要求します
  slots (def_slot): 1 = ジョブは 100% の CPU を要求します
  total memory: 2G = ジョブは 2G バイトのメモリを要求します
  Resource list: mem_free=2G
Your job 72721748 ("jAN999_Ftest") has been submitted
