command:	/home/icgc/WORK/adachi/TOOL/revisePckg/clone0308_callallSV/script/pe/filterGR /rshare1/ZETTAI_path_WA_slash_home_KARA/home/icgc_ncc/WORK/adachi/CC_testDat/demo_inFiles_anonym.4.0523/list/list.smplID
Job start:	20230524_20-08-05
1st Step : Prepare NORMAL [mapped reads].sam ...
log: stp1_ summarize /home/icgc/WORK/adachi/TOOL/revisePckg/clone0308_callallSV/PE/[AN000,AN999]/all.sam.cla.fr_n, into:	01_all.sam.cla.fr_n.rmDup.rmMulti2.sco37.mis2	file size: 2.7M
log: stp1_ summarize /home/icgc/WORK/adachi/TOOL/revisePckg/clone0308_callallSV/PE/[AN000,AN999]/all.sam.cla.ff, into:	01_all.sam.cla.ff.rmDup.rmMulti2.sco37.mis2.ins51	file size: 1.6M
log: stp1_ summarize /home/icgc/WORK/adachi/TOOL/revisePckg/clone0308_callallSV/PE/[AN000,AN999]/all.sam.cla.rr, into:	01_all.sam.cla.rr.rmDup.rmMulti2.sco37.mis2.ins51	file size: 1.5M
log: stp1_ summarize /home/icgc/WORK/adachi/TOOL/revisePckg/clone0308_callallSV/PE/[AN000,AN999]/all.sam.cla.rf, into:	01_all.sam.cla.rf.rmDup.rmMulti2.sco37.mis2	file size: 1.6M
log: stp1_ summarize /home/icgc/WORK/adachi/TOOL/revisePckg/clone0308_callallSV/PE/[AN000,AN999]/all.sam.cla.tr, into:	01_all.sam.cla.tr.rmDup.rmMulti2.sco37.mis2	file size: 246K
log: stp1_summarizing NORMAL [mapped_reads].sam successfully finished!



2nd Step : Prepare TUMOR [junction list].txt ...
log: stp2_ rearrangement10.txt.deletion		file size: 818
log: stp2_ rearrangement10.txt.inversion_ff	file size: 1.5K
log: stp2_ rearrangement10.txt.inversion_rr	file size: 1.7K
log: stp2_ rearrangement10.txt.tandem_dup	file size: 1.3K
log: stp2_ rearrangement10.txt.translocation_ff	file size: 2.2K
log: stp2_ rearrangement10.txt.translocation_fr	file size: 2.5K
log: stp2_ rearrangement10.txt.translocation_rr	file size: 1.9K
log: stp2_summarizing TUMOR [junctions].list successfully finished!



3rd Step(a) : Filter out junction which already exist in NORMAL (deletion/tandem_duplication/inversion[ff/rr]) ...
log: stp3a_ filtering junctions [deletion/tandem_duplication/inversion] successfully finished!



3rd Step(b) : Filter out junction which already exist in NORMAL(translocation[ff/rr/fr])...
log: stp3b_ start extractNoL_all_trans_??.pl, now processing ...
log: stp3b_ extractNoL_all_trans_fr.pl, output:	rearrangement10.txt.translocation_fr.extractNoL_all1_0	file size: 446
log: stp3b_ extractNoL_all_trans_ff.pl, output:	rearrangement10.txt.translocation_ff.extractNoL_all1_0	file size: 185
log: stp3b_ extractNoL_all_trans_rr.pl, output:	rearrangement10.txt.translocation_rr.extractNoL_all1_0	file size: 273
sort and remove overlap ...

log: stp3b_ extractNoL_all_trans_fr.pl, output:	rearrangement10.txt.translocation_fr.extractNoL_all1	file size: 2.7K
log: stp3b_ extractNoL_all_trans_ff.pl, output:	rearrangement10.txt.translocation_ff.extractNoL_all1	file size: 2.3K
log: stp3b_ extractNoL_all_trans_rr.pl, output:	rearrangement10.txt.translocation_rr.extractNoL_all1	file size: 2.0K
log: stp3b_ filtering junctions [translocation] successfully finished!



