  ---------------------
  Now, detectGR Start!!

All process log of the program are stored in [/home/icgc/WORK/adachi/TOOL/callallSV/PE/AN000/detectGR_20230228_17-08-00.log] file.
It take 6-12 hours to output rearrangement list [./tumor/rearrangement10new.txt].


Your job-array 72721076.1-15:1 ("nAN000_list") has been submitted
Your job 72721078 ("nAN000_ff") has been submitted
Your job 72721079 ("nAN000_rr") has been submitted
Your job 72721080 ("nAN000_fr") has been submitted
Your job 72721082 ("nAN000_rf") has been submitted
Your job 72721083 ("nAN000_tr_p") has been submitted
Your job 72721084 ("nAN000_trfr") has been submitted
Your job 72721085 ("nAN000_trff") has been submitted
Your job 72721086 ("nAN000_trrr") has been submitted
Your job 72721089 ("nAN000_clust") has been submitted
要求ハードリソース
  memory (s_vmem): 1024M = ジョブは 1 スロットあたり 1024M バイトのメモリを要求します
  slots (def_slot): 1 = ジョブは 100% の CPU を要求します
  total memory: 1024M = ジョブは 1024M バイトのメモリを要求します
Your job 72721091 ("nAN000_rm") has been submitted
Your job-array 72721092.1-20:1 ("tAN000_list") has been submitted
Your job 72721093 ("tAN000_ff") has been submitted
Your job 72721094 ("tAN000_rr") has been submitted
Your job 72721095 ("tAN000_fr") has been submitted
Your job 72721096 ("tAN000_rf") has been submitted
Your job 72721097 ("tAN000_tr_p") has been submitted
Your job 72721098 ("tAN000_trfr") has been submitted
Your job 72721099 ("tAN000_trff") has been submitted
Your job 72721101 ("tAN000_trrr") has been submitted
Your job 72721103 ("tAN000_clust") has been submitted
要求ハードリソース
  memory (s_vmem): 1024M = ジョブは 1 スロットあたり 1024M バイトのメモリを要求します
  slots (def_slot): 1 = ジョブは 100% の CPU を要求します
  total memory: 1024M = ジョブは 1024M バイトのメモリを要求します
Your job 72721104 ("tAN000_rm") has been submitted
Your job 72721105 ("tAN000_del") has been submitted
Your job 72721106 ("tAN000_inv") has been submitted
Your job 72721107 ("tAN000_tdm") has been submitted
Your job 72721108 ("tAN000_trns_fr") has been submitted
Your job 72721109 ("tAN000_trns_ff") has been submitted
Your job 72721110 ("tAN000_trns_rr") has been submitted
Your job 72721111 ("tAN000_output") has been submitted
要求ハードリソース
  memory (s_vmem): 4G = 1 タスクは 1 スロットあたり 4G バイトのメモリを要求します
  slots (def_slot): 1 = 1 タスクは 100% の CPU を要求します
  total memory: 4G = 1 タスクは 4G バイトのメモリを要求します
  Resource list: mem_free=4G
アレイジョブのタスク
  SGE_TASK_FIRST: 1
  SGE_TASK_LAST: 10
  SGE_TASK_STEPSIZE: 1
Your job-array 72721112.1-10:1 ("jAN000_1") has been submitted
要求ハードリソース
  memory (s_vmem): 4G = 1 タスクは 1 スロットあたり 4G バイトのメモリを要求します
  slots (def_slot): 1 = 1 タスクは 100% の CPU を要求します
  total memory: 4G = 1 タスクは 4G バイトのメモリを要求します
  Resource list: mem_free=4G
アレイジョブのタスク
  SGE_TASK_FIRST: 1
  SGE_TASK_LAST: 5
  SGE_TASK_STEPSIZE: 1
Your job-array 72721113.1-5:1 ("jAN000_2") has been submitted
要求ハードリソース
  memory (s_vmem): 4G = 1 タスクは 1 スロットあたり 4G バイトのメモリを要求します
  slots (def_slot): 1 = 1 タスクは 100% の CPU を要求します
  total memory: 4G = 1 タスクは 4G バイトのメモリを要求します
  Resource list: mem_free=4G
アレイジョブのタスク
  SGE_TASK_FIRST: 1
  SGE_TASK_LAST: 5
  SGE_TASK_STEPSIZE: 1
Your job-array 72721114.1-5:1 ("jAN000_3") has been submitted
要求ハードリソース
  memory (s_vmem): 8G = ジョブは 1 スロットあたり 8G バイトのメモリを要求します
  slots (def_slot): 1 = ジョブは 100% の CPU を要求します
  total memory: 8G = ジョブは 8G バイトのメモリを要求します
  Resource list: mem_free=8G
Your job 72721119 ("jAN000_extRd_tumor") has been submitted
grep: 無効な正規表現です
要求ハードリソース
  memory (s_vmem): 8G = 1 タスクは 1 スロットあたり 8G バイトのメモリを要求します
  slots (def_slot): 1 = 1 タスクは 100% の CPU を要求します
  total memory: 8G = 1 タスクは 8G バイトのメモリを要求します
  Resource list: mem_free=8G
アレイジョブのタスク
  SGE_TASK_FIRST: 1
  SGE_TASK_LAST: 20
  SGE_TASK_STEPSIZE: 1
Your job-array 72721128.1-20:1 ("jAN000_rmRd_tumor") has been submitted

要求ハードリソース
  memory (s_vmem): 4G = 1 タスクは 1 スロットあたり 4G バイトのメモリを要求します
  slots (def_slot): 1 = 1 タスクは 100% の CPU を要求します
  total memory: 4G = 1 タスクは 4G バイトのメモリを要求します
  Resource list: mem_free=4G
アレイジョブのタスク
  SGE_TASK_FIRST: 1
  SGE_TASK_LAST: 8
  SGE_TASK_STEPSIZE: 1
Your job-array 72721134.1-8:1 ("jAN000_4") has been submitted
要求ハードリソース
  memory (s_vmem): 4G = 1 タスクは 1 スロットあたり 4G バイトのメモリを要求します
  slots (def_slot): 1 = 1 タスクは 100% の CPU を要求します
  total memory: 4G = 1 タスクは 4G バイトのメモリを要求します
  Resource list: mem_free=4G
アレイジョブのタスク
  SGE_TASK_FIRST: 1
  SGE_TASK_LAST: 7
  SGE_TASK_STEPSIZE: 1
Your job-array 72721136.1-7:1 ("jAN000_5") has been submitted
要求ハードリソース
  memory (s_vmem): 8G = ジョブは 1 スロットあたり 8G バイトのメモリを要求します
  slots (def_slot): 1 = ジョブは 100% の CPU を要求します
  total memory: 8G = ジョブは 8G バイトのメモリを要求します
  Resource list: mem_free=8G
Your job 72721139 ("jAN000_extRd_normal") has been submitted
grep: 無効な正規表現です
要求ハードリソース
  memory (s_vmem): 8G = 1 タスクは 1 スロットあたり 8G バイトのメモリを要求します
  slots (def_slot): 1 = 1 タスクは 100% の CPU を要求します
  total memory: 8G = 1 タスクは 8G バイトのメモリを要求します
  Resource list: mem_free=8G
アレイジョブのタスク
  SGE_TASK_FIRST: 1
  SGE_TASK_LAST: 15
  SGE_TASK_STEPSIZE: 1
Your job-array 72721162.1-15:1 ("jAN000_rmRd_normal") has been submitted

  ---------------------
  Now, detectGR Start!!

All process log of the program are stored in [/home/icgc/WORK/adachi/TOOL/callallSV/PE/AN999/detectGR_20230228_17-20-12.log] file.
It take 6-12 hours to output rearrangement list [./tumor/rearrangement10new.txt].


Your job-array 72721175.1-15:1 ("nAN999_list") has been submitted
Your job 72721176 ("nAN999_ff") has been submitted
Your job 72721177 ("nAN999_rr") has been submitted
Your job 72721178 ("nAN999_fr") has been submitted
Your job 72721179 ("nAN999_rf") has been submitted
Your job 72721180 ("nAN999_tr_p") has been submitted
Your job 72721181 ("nAN999_trfr") has been submitted
Your job 72721182 ("nAN999_trff") has been submitted
Your job 72721183 ("nAN999_trrr") has been submitted
Your job 72721184 ("nAN999_clust") has been submitted
要求ハードリソース
  memory (s_vmem): 1024M = ジョブは 1 スロットあたり 1024M バイトのメモリを要求します
  slots (def_slot): 1 = ジョブは 100% の CPU を要求します
  total memory: 1024M = ジョブは 1024M バイトのメモリを要求します
Your job 72721185 ("nAN999_rm") has been submitted
Your job-array 72721186.1-20:1 ("tAN999_list") has been submitted
Your job 72721187 ("tAN999_ff") has been submitted
Your job 72721188 ("tAN999_rr") has been submitted
Your job 72721189 ("tAN999_fr") has been submitted
Your job 72721190 ("tAN999_rf") has been submitted
Your job 72721191 ("tAN999_tr_p") has been submitted
Your job 72721192 ("tAN999_trfr") has been submitted
Your job 72721193 ("tAN999_trff") has been submitted
Your job 72721194 ("tAN999_trrr") has been submitted
Your job 72721195 ("tAN999_clust") has been submitted
要求ハードリソース
  memory (s_vmem): 1024M = ジョブは 1 スロットあたり 1024M バイトのメモリを要求します
  slots (def_slot): 1 = ジョブは 100% の CPU を要求します
  total memory: 1024M = ジョブは 1024M バイトのメモリを要求します
Your job 72721196 ("tAN999_rm") has been submitted
Your job 72721198 ("tAN999_del") has been submitted
Your job 72721199 ("tAN999_inv") has been submitted
Your job 72721200 ("tAN999_tdm") has been submitted
Your job 72721202 ("tAN999_trns_fr") has been submitted
Your job 72721203 ("tAN999_trns_ff") has been submitted
Your job 72721204 ("tAN999_trns_rr") has been submitted
Your job 72721205 ("tAN999_output") has been submitted
要求ハードリソース
  memory (s_vmem): 4G = 1 タスクは 1 スロットあたり 4G バイトのメモリを要求します
  slots (def_slot): 1 = 1 タスクは 100% の CPU を要求します
  total memory: 4G = 1 タスクは 4G バイトのメモリを要求します
  Resource list: mem_free=4G
アレイジョブのタスク
  SGE_TASK_FIRST: 1
  SGE_TASK_LAST: 10
  SGE_TASK_STEPSIZE: 1
Your job-array 72721207.1-10:1 ("jAN999_6") has been submitted
要求ハードリソース
  memory (s_vmem): 4G = 1 タスクは 1 スロットあたり 4G バイトのメモリを要求します
  slots (def_slot): 1 = 1 タスクは 100% の CPU を要求します
  total memory: 4G = 1 タスクは 4G バイトのメモリを要求します
  Resource list: mem_free=4G
アレイジョブのタスク
  SGE_TASK_FIRST: 1
  SGE_TASK_LAST: 5
  SGE_TASK_STEPSIZE: 1
Your job-array 72721208.1-5:1 ("jAN999_7") has been submitted
要求ハードリソース
  memory (s_vmem): 4G = 1 タスクは 1 スロットあたり 4G バイトのメモリを要求します
  slots (def_slot): 1 = 1 タスクは 100% の CPU を要求します
  total memory: 4G = 1 タスクは 4G バイトのメモリを要求します
  Resource list: mem_free=4G
アレイジョブのタスク
  SGE_TASK_FIRST: 1
  SGE_TASK_LAST: 5
  SGE_TASK_STEPSIZE: 1
Your job-array 72721209.1-5:1 ("jAN999_8") has been submitted
要求ハードリソース
  memory (s_vmem): 8G = ジョブは 1 スロットあたり 8G バイトのメモリを要求します
  slots (def_slot): 1 = ジョブは 100% の CPU を要求します
  total memory: 8G = ジョブは 8G バイトのメモリを要求します
  Resource list: mem_free=8G
Your job 72721212 ("jAN999_extRd_tumor") has been submitted
grep: 無効な正規表現です
要求ハードリソース
  memory (s_vmem): 8G = 1 タスクは 1 スロットあたり 8G バイトのメモリを要求します
  slots (def_slot): 1 = 1 タスクは 100% の CPU を要求します
  total memory: 8G = 1 タスクは 8G バイトのメモリを要求します
  Resource list: mem_free=8G
アレイジョブのタスク
  SGE_TASK_FIRST: 1
  SGE_TASK_LAST: 20
  SGE_TASK_STEPSIZE: 1
Your job-array 72721217.1-20:1 ("jAN999_rmRd_tumor") has been submitted

要求ハードリソース
  memory (s_vmem): 4G = 1 タスクは 1 スロットあたり 4G バイトのメモリを要求します
  slots (def_slot): 1 = 1 タスクは 100% の CPU を要求します
  total memory: 4G = 1 タスクは 4G バイトのメモリを要求します
  Resource list: mem_free=4G
アレイジョブのタスク
  SGE_TASK_FIRST: 1
  SGE_TASK_LAST: 8
  SGE_TASK_STEPSIZE: 1
Your job-array 72721219.1-8:1 ("jAN999_9") has been submitted
要求ハードリソース
  memory (s_vmem): 4G = 1 タスクは 1 スロットあたり 4G バイトのメモリを要求します
  slots (def_slot): 1 = 1 タスクは 100% の CPU を要求します
  total memory: 4G = 1 タスクは 4G バイトのメモリを要求します
  Resource list: mem_free=4G
アレイジョブのタスク
  SGE_TASK_FIRST: 1
  SGE_TASK_LAST: 7
  SGE_TASK_STEPSIZE: 1
Your job-array 72721220.1-7:1 ("jAN999_10") has been submitted
要求ハードリソース
  memory (s_vmem): 8G = ジョブは 1 スロットあたり 8G バイトのメモリを要求します
  slots (def_slot): 1 = ジョブは 100% の CPU を要求します
  total memory: 8G = ジョブは 8G バイトのメモリを要求します
  Resource list: mem_free=8G
Your job 72721227 ("jAN999_extRd_normal") has been submitted
grep: 無効な正規表現です
要求ハードリソース
  memory (s_vmem): 8G = 1 タスクは 1 スロットあたり 8G バイトのメモリを要求します
  slots (def_slot): 1 = 1 タスクは 100% の CPU を要求します
  total memory: 8G = 1 タスクは 8G バイトのメモリを要求します
  Resource list: mem_free=8G
アレイジョブのタスク
  SGE_TASK_FIRST: 1
  SGE_TASK_LAST: 15
  SGE_TASK_STEPSIZE: 1
Your job-array 72721241.1-15:1 ("jAN999_rmRd_normal") has been submitted


__Filesize check : __
-rw-r----- 1 madach icgc_ncc 12932  2月 28 17:12 PE/AN000/tumor/rearrangement10new.txt
-rw-r----- 1 madach icgc_ncc 11809  2月 28 17:22 PE/AN999/tumor/rearrangement10new.txt
