command:	/home/icgc/WORK/adachi/TOOL/revisePckg/clone0308_callallSV/script/pe/detectGR -i .list.sam.tumor -l 1510 -ni .list.sam.normal -nl 1410 32
Job start:	20230524_20-00-42

log: normal_stp2ff-1/13	 [ filesize =	2630179 ] generated
log: normal_stp2fr-1/13	 [ filesize =	3518876 ] generated
log: normal_stp2rr-1/13	 [ filesize =	2565816 ] generated
log: normal_stp2ff-2/13	 [ filesize =	2620588 ] generated
log: normal_stp2fr-2/13	 [ filesize =	3518876 ] generated
log: normal_stp2rr-2/13	 [ filesize =	2545834 ] generated
log: normal_stp2ff-3/13	 [ filesize =	2615956 ] generated
log: tumor_stp2rf-1/16	 [ filesize =	7777953 ] generated
log: normal_stp2rf-1/16	 [ filesize =	2872751 ] generated
log: normal_stp2fr-3/13	 [ filesize =	3515133 ] generated
log: normal_stp2ff-4/13	 [ filesize =	2615956 ] generated
log: normal_stp2tr-1/28	 [ filesize =	291123 ] generated
log: normal_stp2rr-3/13	 [ filesize =	2490911 ] generated
log: normal_stp2rf-2/16	 [ filesize =	2761673 ] generated
log: tumor_stp2ff-1/13	 [ filesize =	7868563 ] generated
log: normal_stp2ff-5/13	 [ filesize =	984741 ] generated
log: normal_stp2tr-2/28	 [ filesize =	261032 ] generated
log: normal_stp2fr-4/13	 [ filesize =	1782039 ] generated
log: tumor_stp2rf-2/16	 [ filesize =	7542851 ] generated
log: normal_stp2rf-3/16	 [ filesize =	2648034 ] generated
log: normal_stp2tr-3/28	 [ filesize =	261032 ] generated
log: normal_stp2rr-4/13	 [ filesize =	2490911 ] generated
log: tumor_stp2rr-1/13	 [ filesize =	7707503 ] generated
log: tumor_stp2tr-1/28	 [ filesize =	6678778 ] generated
log: normal_stp2rf-4/16	 [ filesize =	2648034 ] generated
log: tumor_stp2ff-2/13	 [ filesize =	7793875 ] generated
log: normal_stp2rr-5/13	 [ filesize =	950881 ] generated
log: tumor_stp2rf-3/16	 [ filesize =	7322416 ] generated
log: normal_stp2rf-5/16	 [ filesize =	1001044 ] generated
log: tumor_stp2fr-1/13	 [ filesize =	5280583 ] generated
log: tumor_stp2rr-2/13	 [ filesize =	7671226 ] generated
log: tumor_stp2tr-2/28	 [ filesize =	6410010 ] generated
log: normal_stp2ff-6a/13	 [ filesize =	59168 ] generated
log: normal_stp2ff-6b/13	 [ filesize =	59434 ] generated
log: normal_stp2fr-5/13	 [ filesize =	230001 ] generated
log: tumor_stp2fr-2/13	 [ filesize =	5253705 ] generated
log: normal_stp2rf-6/16	 [ filesize =	116979 ] generated
log: tumor_stp2rr-3/13	 [ filesize =	7560384 ] generated
log: tumor_stp2rf-4/16	 [ filesize =	7322416 ] generated
log: normal_stp2rf-7/16	 [ filesize =	67822 ] generated
log: tumor_stp2tr-3/28	 [ filesize =	6406986 ] generated
log: tumor_stp2ff-3/13	 [ filesize =	7681683 ] generated
log: normal_stp2rf-8/16	 [ filesize =	987646 ] generated
log: normal_stp2tr-4/28	 [ filesize =	124146 ] generated
log: tumor_stp2rf-5/16	 [ filesize =	1461307 ] generated
log: normal_stp2fr-6/13	 [ filesize =	170473 ] generated
log: tumor_stp2fr-3/13	 [ filesize =	5253705 ] generated
log: normal_stp2tr-5/28	 [ filesize =	12470 ] generated
log: normal_stp2ff-7a/13	 [ filesize =	37011 ] generated
log: normal_stp2ff-7b/13	 [ filesize =	37181 ] generated
log: normal_stp2rr-6a/13	 [ filesize =	58112 ] generated
log: normal_stp2rr-6b/13	 [ filesize =	57310 ] generated
log: normal_stp2tr-6/28	 [ filesize =	10876 ] generated
log: normal_stp2tr-7/28	 [ filesize =	121717 ] generated
log: normal_stp2fr-7/13	 [ filesize =	1763436 ] generated
log: tumor_stp2fr-4/13	 [ filesize =	1246992 ] generated
log: normal_stp2rf-9/16	 [ filesize =	497875 ] generated
log: tumor_stp2ff-4/13	 [ filesize =	7681683 ] generated
log: tumor_stp2rr-4/13	 [ filesize =	7560384 ] generated
log: normal_stp2rf-10/16	 [ filesize =	498351 ] generated
log: normal_stp2rr-7a/13	 [ filesize =	36837 ] generated
log: normal_stp2rr-7b/13	 [ filesize =	35935 ] generated
log: normal_stp2rf-11/16	 [ filesize =	498287 ] generated
log: tumor_stp2rf-6/16	 [ filesize =	150359 ] generated
log: normal_stp2ff-8a/13	 [ filesize =	484314 ] generated
log: normal_stp2ff-8b/13	 [ filesize =	486882 ] generated
log: tumor_stp2ff-5/13	 [ filesize =	1529724 ] generated
log: tumor_stp2fr-5/13	 [ filesize =	139978 ] generated
log: normal_stp2rf-12/16	 [ filesize =	498351 ] generated
log: tumor_stp2fr-6/13	 [ filesize =	98194 ] generated
log: normal_stp2rf-13/16	 [ filesize =	498287 ] generated
log: tumor_stp2rr-5/13	 [ filesize =	1479137 ] generated
log: normal_stp2rr-8a/13	 [ filesize =	468403 ] generated
log: normal_stp2rr-8b/13	 [ filesize =	469425 ] generated
log: tumor_stp2fr-7/13	 [ filesize =	1232163 ] generated
log: normal_stp2rf-14/16	 [ filesize =	1096523 ] generated
log: normal_stp2fr-8/13	 [ filesize =	886852 ] generated
log: normal_stp2fr-9/13	 [ filesize =	836673 ] generated
log: tumor_stp2ff-6a/13	 [ filesize =	84159 ] generated
log: normal_stp2fr-10/13	 [ filesize =	840718 ] generated
log: tumor_stp2ff-6b/13	 [ filesize =	84146 ] generated
log: normal_stp2rf-15/16	 [ filesize =	996566 ] generated
log: normal_stp2ff-9a/13	 [ filesize =	488719 ] generated
log: normal_stp2ff-9b/13	 [ filesize =	491239 ] generated
log: normal_stp2rr-9a/13	 [ filesize =	472317 ] generated
log: normal_stp2rr-9b/13	 [ filesize =	473369 ] generated
log: normal_stp2ff-10/13	 [ filesize =	1083115 ] generated
log: tumor_stp2fr-8/13	 [ filesize =	619533 ] generated
log: tumor_stp2ff-7a/13	 [ filesize =	55286 ] generated
log: tumor_stp2ff-7b/13	 [ filesize =	54715 ] generated
log: normal_stp2fr-11/13	 [ filesize =	1663865 ] generated
log: normal_stp2rr-10/13	 [ filesize =	945566 ] generated
log: tumor_stp2tr-4/28	 [ filesize =	1784013 ] generated
log: normal_stp2tr-9/28	 [ filesize =	46593 ] generated
log: normal_stp2ff-11/13	 [ filesize =	979898 ] generated
log: tumor_stp2fr-9/13	 [ filesize =	619414 ] generated
log: normal_stp2rf-15.5/16	 [ filesize =	996566 ] generated
log: normal_stp2fr-12/13	 [ filesize =	1505081 ] generated
log: tumor_stp2ff-8a/13	 [ filesize =	752740 ] generated
log: tumor_stp2ff-8b/13	 [ filesize =	756635 ] generated
log: normal_stp2rr-11/13	 [ filesize =	945566 ] generated
log: normal_stp2ff-12/13	 [ filesize =	979898 ] generated
log: tumor_stp2fr-10/13	 [ filesize =	622638 ] generated
log: normal_stp2ff-13/13	 [ filesize =	979898 ] generated
log: normal_stp2rf-16/16	 [ filesize =	996566 ] generated
log: normal_stp2rr-12/13	 [ filesize =	945566 ] generated
log: normal_stp2rr-13/13	 [ filesize =	945566 ] generated
log: tumor_stp2fr-11/13	 [ filesize =	1414983 ] generated
log: tumor_stp2rr-6a/13	 [ filesize =	82396 ] generated
log: tumor_stp2rr-6b/13	 [ filesize =	82045 ] generated
log: tumor_stp2tr-5/28	 [ filesize =	160856 ] generated
log: normal_stp2fr-12.5/13	 [ filesize =	1505081 ] generated
log: normal_stp2fr-13/13	 [ filesize =	1505081 ] generated
log: tumor_stp2fr-12/13	 [ filesize =	1224715 ] generated
log: tumor_stp2tr-6/28	 [ filesize =	115794 ] generated
log: tumor_stp2rr-7a/13	 [ filesize =	54506 ] generated
log: tumor_stp2rr-7b/13	 [ filesize =	53733 ] generated
log: tumor_stp2tr-7/28	 [ filesize =	1750188 ] generated
log: tumor_stp2ff-9a/13	 [ filesize =	758688 ] generated
log: tumor_stp2ff-9b/13	 [ filesize =	762565 ] generated
log: tumor_stp2fr-12.5/13	 [ filesize =	1224715 ] generated
log: tumor_stp2fr-13/13	 [ filesize =	1224715 ] generated
log: tumor_stp2rr-8a/13	 [ filesize =	728595 ] generated
log: tumor_stp2rr-8b/13	 [ filesize =	730290 ] generated
log: tumor_stp2ff-10/13	 [ filesize =	1776573 ] generated
log: tumor_stp2tr-9/28	 [ filesize =	641800 ] generated
log: tumor_stp2rr-9a/13	 [ filesize =	734805 ] generated
log: tumor_stp2rr-9b/13	 [ filesize =	736530 ] generated
log: tumor_stp2ff-11/13	 [ filesize =	1521182 ] generated
log: tumor_stp2rr-10/13	 [ filesize =	1471173 ] generated
log: tumor_stp2rr-11/13	 [ filesize =	1471173 ] generated
log: tumor_stp2ff-12/13	 [ filesize =	1521182 ] generated
log: tumor_stp2rr-12/13	 [ filesize =	1471173 ] generated
log: tumor_stp2rr-13/13	 [ filesize =	1471173 ] generated
log: tumor_stp2ff-13/13	 [ filesize =	1521182 ] generated
log: tumor_stp2rf-7/16	 [ filesize =	94215 ] generated
log: tumor_stp2rf-8/16	 [ filesize =	1442481 ] generated
log: tumor_stp2rf-9/16	 [ filesize =	727168 ] generated
log: tumor_stp2rf-10/16	 [ filesize =	727770 ] generated
log: tumor_stp2rf-11/16	 [ filesize =	727657 ] generated
log: tumor_stp2rf-12/16	 [ filesize =	727770 ] generated
log: tumor_stp2rf-13/16	 [ filesize =	727657 ] generated
log: tumor_stp2rf-14/16	 [ filesize =	1584905 ] generated
log: tumor_stp2rf-15/16	 [ filesize =	1455325 ] generated
log: tumor_stp2rf-15.5/16	 [ filesize =	1455325 ] generated
log: tumor_stp2rf-16/16	 [ filesize =	1455325 ] generated
log: normal_stp2tr-8/28	 [ filesize =	1913 ] generated
log: normal_stp2tr-10/28	 [ filesize =	1168 ] generated
log: normal_stp2tr-11/28	 [ filesize =	1137 ] generated
log: normal_stp2tr-15/28	 [ filesize =	0 ] generated
log: normal_stp2tr-16/28	 [ filesize =	0 ] generated
log: normal_stp2tr-22/28	 [ filesize =	0 ] generated
log: normal_stp2tr-23/28	 [ filesize =	0 ] generated
log: normal_stp2tr-23.5/28	 [ filesize =	0 ] generated
log: normal_stp2tr-24/28	 [ filesize =	0 ] generated
log: normal_stp2tr-13/28	 [ filesize =	73511 ] generated
log: normal_stp2tr-12/28	 [ filesize =	45876 ] generated
log: tumor_stp2tr-13/28	 [ filesize =	603302 ] generated
log: normal_stp2tr-14/28	 [ filesize =	45876 ] generated
log: normal_stp2tr-18/28	 [ filesize =	91740 ] generated
log: normal_stp2tr-17/28	 [ filesize =	71141 ] generated
log: normal_stp2tr-19/28	 [ filesize =	45870 ] generated
log: normal_stp2tr-25/28	 [ filesize =	142258 ] generated
log: normal_stp2tr-20/28	 [ filesize =	45870 ] generated
log: normal_stp2tr-20.5/28	 [ filesize =	45870 ] generated
log: normal_stp2tr-26/28	 [ filesize =	71129 ] generated
log: normal_stp2tr-27/28	 [ filesize =	71129 ] generated
log: tumor_stp2tr-12/28	 [ filesize =	641581 ] generated
log: normal_stp2tr-21/28	 [ filesize =	45870 ] generated
log: normal_stp2tr-27.5/28	 [ filesize =	71129 ] generated
log: normal_stp2tr-28/28	 [ filesize =	71129 ] generated
log: tumor_stp2tr-8/28	 [ filesize =	266792 ] generated
log: tumor_stp2tr-17/28	 [ filesize =	603302 ] generated
log: tumor_stp2tr-10/28	 [ filesize =	266643 ] generated
log: tumor_stp2tr-25/28	 [ filesize =	1206472 ] generated
log: tumor_stp2tr-11/28	 [ filesize =	267548 ] generated
log: tumor_stp2tr-26/28	 [ filesize =	603236 ] generated
log: tumor_stp2tr-27/28	 [ filesize =	603236 ] generated
log: tumor_stp2tr-14/28	 [ filesize =	641581 ] generated
log: tumor_stp2tr-15/28	 [ filesize =	265512 ] generated
log: tumor_stp2tr-27.5/28	 [ filesize =	603236 ] generated
log: tumor_stp2tr-18/28	 [ filesize =	1283030 ] generated
log: tumor_stp2tr-28/28	 [ filesize =	603236 ] generated
log: tumor_stp2tr-16/28	 [ filesize =	266319 ] generated
log: tumor_stp2tr-19/28	 [ filesize =	641515 ] generated
log: tumor_stp2tr-22/28	 [ filesize =	531777 ] generated
log: tumor_stp2tr-20/28	 [ filesize =	641515 ] generated
log: tumor_stp2tr-23/28	 [ filesize =	531777 ] generated
log: tumor_stp2tr-20.5/28	 [ filesize =	641515 ] generated
log: tumor_stp2tr-21/28	 [ filesize =	641515 ] generated
log: tumor_stp2tr-23.5/28	 [ filesize =	531777 ] generated
log: tumor_stp2tr-24/28	 [ filesize =	531777 ] generated
log: normal_stp3cluster-1/7	 [	31 cluster,	filesize =	568795 ] generated
log: normal_stp3cluster-2/7	 [	8 cluster,	filesize =	491112 ] generated
log: normal_stp3cluster-3/7	 [	11 cluster,	filesize =	526985 ] generated
log: normal_stp3cluster-4/7	 [	12 cluster,	filesize =	603416 ] generated
log: normal_stp3cluster-5/7	 [	0 cluster,	filesize =	0 ] generated
log: tumor_stp3cluster-1/7	 [	9 cluster,	filesize =	595026 ] generated
log: normal_stp3cluster-6/7	 [	0 cluster,	filesize =	0 ] generated
log: tumor_stp3cluster-2/7	 [	9 cluster,	filesize =	505511 ] generated
log: normal_stp3cluster-7/7	 [	2 cluster,	filesize =	71129 ] generated
log: tumor_stp3cluster-3/7	 [	14 cluster,	filesize =	783919 ] generated
log: tumor_stp3cluster-4/7	 [	14 cluster,	filesize =	787667 ] generated
log: tumor_stp3cluster-5/7	 [	6 cluster,	filesize =	357063 ] generated
log: tumor_stp3cluster-6/7	 [	8 cluster,	filesize =	472215 ] generated
log: tumor_stp3cluster-7/7	 [	11 cluster,	filesize =	603236 ] generated
log: tumor_stp4trans_ff-1/10	 [ filesize =	95027 ] generated
log: tumor_stp4inv-1/20	 [ filesize =	74727 ] generated
log: tumor_stp4tdm-1/13	 [ filesize =	96814 ] generated
log: tumor_stp4del-1/13	 [ filesize =	46289 ] generated
log: tumor_stp4trans_ff-2/10	 [	10 cluster,	filesize =	602 ] generated
log: tumor_stp4del-2/13	 [	40 cluster,	filesize =	2438 ] generated
log: tumor_stp4trans_rr-1/10	 [ filesize =	83224 ] generated
log: tumor_stp4del-3/13	 [	25 cluster,	filesize =	1538 ] generated
log: tumor_stp4trans_ff-3/10	 [	10 cluster,	filesize =	578643 ] generated
log: tumor_stp4inv-2/20	 [ filesize =	70880 ] generated
log: tumor_stp4trans_fr-1/10	 [ filesize =	87609 ] generated
log: tumor_stp4del-4/13	 [	25 cluster,	filesize =	1538 ] generated
log: tumor_stp4tdm-2/13	 [	25 cluster,	filesize =	1500 ] generated
log: tumor_stp4tdm-3/13	 [	5 cluster,	filesize =	300 ] generated
log: tumor_stp4trans_rr-2/10	 [	9 cluster,	filesize =	534 ] generated
log: tumor_stp4trans_rr-3/10	 [	1397 cluster,	filesize =	507748 ] generated
log: tumor_stp4tdm-4/13	 [	5 cluster,	filesize =	300 ] generated
log: tumor_stp4del-5/13	 [	25 cluster,	filesize =	263508 ] generated
log: tumor_stp4trans_ff-4/10	 [	10 cluster,	filesize =	612 ] generated
log: tumor_stp4trans_fr-2/10	 [	9 cluster,	filesize =	546 ] generated
log: tumor_stp4tdm-5/13	 [	5 cluster,	filesize =	302159 ] generated
log: tumor_stp4trans_rr-4/10	 [	9 cluster,	filesize =	543 ] generated
log: tumor_stp4trans_fr-3/10	 [	9 cluster,	filesize =	531777 ] generated
log: tumor_stp4trans_ff-5/10	 [	10 cluster,	filesize =	578643 ] generated
log: tumor_stp4inv-3/20	 [	51 cluster,	filesize =	3062 ] generated
log: tumor_stp4inv-4/20	 [	13 cluster,	filesize =	782 ] generated
log: tumor_stp4trans_rr-5/10	 [	9 cluster,	filesize =	507748 ] generated
log: tumor_stp4trans_ff-6/10	 [	10 cluster,	filesize =	578643 ] generated
log: tumor_stp4del-6/13	 [	0 cluster,	filesize =	0 ] generated
log: tumor_stp4tdm-6/13	 [	5 cluster,	filesize =	334 ] generated
log: tumor_stp4trans_rr-6/10	 [	9 cluster,	filesize =	507748 ] generated
log: tumor_stp4trans_ff-7/10	 [	10 cluster,	filesize =	578643 ] generated
log: tumor_stp4trans_fr-4/10	 [	9 cluster,	filesize =	555 ] generated
log: tumor_stp4trans_rr-7/10	 [	9 cluster,	filesize =	507748 ] generated
log: tumor_stp4inv-5/20	 [	6 cluster,	filesize =	362 ] generated
log: tumor_stp4inv-6/20	 [	7 cluster,	filesize =	420 ] generated
log: tumor_stp4del-7/13	 [	0 cluster,	filesize =	0 ] generated
log: tumor_stp4trans_fr-5/10	 [	9 cluster,	filesize =	531777 ] generated
log: tumor_stp4trans_ff-8/10	 [	8 cluster,	filesize =	472215 ] generated
log: tumor_stp4del-8/13	 [	0 cluster,	filesize =	0 ] generated
log: tumor_stp4trans_fr-6/10	 [	9 cluster,	filesize =	531777 ] generated
log: tumor_stp4tdm-7/13	 [	5 cluster,	filesize =	334 ] generated
log: tumor_stp4trans_rr-8/10	 [	9 cluster,	filesize =	507748 ] generated
log: tumor_stp4del-9/13	 [	0 cluster,	filesize =	0 ] generated
log: tumor_stp4tdm-8/13	 [	5 cluster,	filesize =	302159 ] generated
log: tumor_stp4del-10/13	 [	0 cluster,	filesize =	0 ] generated
log: tumor_stp4trans_fr-7/10	 [	9 cluster,	filesize =	531777 ] generated
log: tumor_stp4inv-7/20	 [	6 cluster,	filesize =	318075 ] generated
log: tumor_stp4inv-8/20	 [	7 cluster,	filesize =	391123 ] generated
log: tumor_stp4tdm-9/13	 [	5 cluster,	filesize =	302159 ] generated
log: tumor_stp4tdm-10/13	 [	5 cluster,	filesize =	302159 ] generated
log: tumor_stp4del-11/13	 [	0 cluster,	filesize =	0 ] generated
log: tumor_stp4trans_ff-9/10	 [	10 cluster,	filesize =	578643 ] generated
log: tumor_stp4del-12/13	 [	0 cluster,	filesize =	0 ] generated
log: tumor_stp4tdm-11/13	 [	3 cluster,	filesize =	188650 ] generated
log: tumor_stp4trans_fr-8/10	 [	6 cluster,	filesize =	357063 ] generated
log: tumor_stp4inv-9/20	 [	6 cluster,	filesize =	401 ] generated
log: tumor_stp4trans_rr-9/10	 [	9 cluster,	filesize =	507748 ] generated
log: tumor_stp4tdm-12/13	 [	5 cluster,	filesize =	302159 ] generated
log: tumor_stp4inv-10/20	 [	7 cluster,	filesize =	460 ] generated
log: tumor_stp4trans_fr-9/10	 [	9 cluster,	filesize =	531777 ] generated
log: tumor_stp4del-13/13	 [ filesize =	0 ] generated
log: tumor_stp4inv-11/20	 [	6 cluster,	filesize =	318075 ] generated
log: tumor_stp4inv-12/20	 [	7 cluster,	filesize =	391123 ] generated
log: tumor_stp4trans_ff-10/10	 [ filesize =	95027 ] generated
log: tumor_stp4trans_rr-10/10	 [ filesize =	83224 ] generated
log: tumor_stp4inv-13/20	 [	6 cluster,	filesize =	318075 ] generated
log: tumor_stp4inv-14/20	 [	7 cluster,	filesize =	391123 ] generated
log: tumor_stp4tdm-13/13	 [ filesize =	96814 ] generated
log: tumor_stp4trans_fr-10/10	 [ filesize =	87609 ] generated
log: tumor_stp4inv-15/20	 [	3 cluster,	filesize =	146459 ] generated
log: tumor_stp4inv-16/20	 [	3 cluster,	filesize =	146459 ] generated
log: tumor_stp4inv-17/20	 [	6 cluster,	filesize =	318075 ] generated
log: tumor_stp4inv-18/20	 [	7 cluster,	filesize =	391123 ] generated
log: tumor_stp4inv-19/20	 [ filesize =	74727 ] generated
log: tumor_stp4inv-20/20	 [ filesize =	70880 ] generated
log: tumor_stp5-1/5	 [	46 cluster,	filesize =	7330 ] generated
log: tumor_stp5-2/5	 [	46 cluster,	filesize =	6460 ] generated
log: tumor_stp5-3/5	 [	46 cluster,	filesize =	6460 ] generated
log: tumor_stp5-4/5	 [	46 cluster,	filesize =	5262 ] generated
log: tumor_stp5-5/5	 [	46 cluster,	filesize =	4449 ] generated
