command:	/home/__User_Directory__/callallSV/script/pe/detectGR -i .list.sam.tumor -l 1510 -ni .list.sam.normal -nl 1410 32
Job start:	20230309_15-29-52

log: normal_stp2ff-1/13	 [ filesize =	239797 ] generated
log: normal_stp2rr-1/13	 [ filesize =	216991 ] generated
log: normal_stp2ff-2/13	 [ filesize =	61969 ] generated
log: normal_stp2rr-2/13	 [ filesize =	56844 ] generated
log: normal_stp2rf-1/16	 [ filesize =	602725 ] generated
log: normal_stp2fr-1/13	 [ filesize =	71645 ] generated
log: normal_stp2ff-3/13	 [ filesize =	17098 ] generated
log: normal_stp2fr-2/13	 [ filesize =	26029 ] generated
log: normal_stp2rr-3/13	 [ filesize =	17853 ] generated
log: normal_stp2rf-2/16	 [ filesize =	299610 ] generated
log: normal_stp2rf-3/16	 [ filesize =	190990 ] generated
log: normal_stp2rr-4/13	 [ filesize =	14879 ] generated
log: normal_stp2fr-3/13	 [ filesize =	22301 ] generated
log: normal_stp2ff-4/13	 [ filesize =	14861 ] generated
log: normal_stp2rf-4/16	 [ filesize =	179126 ] generated
log: normal_stp2ff-5/13	 [ filesize =	14861 ] generated
log: normal_stp2fr-4/13	 [ filesize =	21553 ] generated
log: normal_stp2rf-5/16	 [ filesize =	167984 ] generated
log: normal_stp2rr-5/13	 [ filesize =	14136 ] generated
log: normal_stp2fr-5/13	 [ filesize =	5611 ] generated
log: normal_stp2rf-6/16	 [ filesize =	27861 ] generated
log: normal_stp2fr-6/13	 [ filesize =	5649 ] generated
log: normal_stp2rr-6a/13	 [ filesize =	3014 ] generated
log: normal_stp2ff-6a/13	 [ filesize =	3003 ] generated
log: normal_stp2rr-6b/13	 [ filesize =	2899 ] generated
log: normal_stp2ff-6b/13	 [ filesize =	3082 ] generated
log: normal_stp2fr-7/13	 [ filesize =	21379 ] generated
log: normal_stp2rf-7/16	 [ filesize =	27761 ] generated
log: normal_stp2rr-7a/13	 [ filesize =	3038 ] generated
log: normal_stp2rf-8/16	 [ filesize =	166622 ] generated
log: normal_stp2rr-7b/13	 [ filesize =	2947 ] generated
log: normal_stp2ff-7a/13	 [ filesize =	3029 ] generated
log: normal_stp2ff-7b/13	 [ filesize =	3117 ] generated
log: normal_stp2ff-8a/13	 [ filesize =	7339 ] generated
log: normal_stp2rf-9/16	 [ filesize =	83902 ] generated
log: normal_stp2fr-8/13	 [ filesize =	10766 ] generated
log: normal_stp2ff-8b/13	 [ filesize =	7402 ] generated
log: normal_stp2fr-9/13	 [ filesize =	3054 ] generated
log: normal_stp2rf-10/16	 [ filesize =	1510 ] generated
log: normal_stp2ff-9a/13	 [ filesize =	0 ] generated
log: normal_stp2fr-10/13	 [ filesize =	3068 ] generated
log: normal_stp2ff-9b/13	 [ filesize =	0 ] generated
log: normal_stp2rr-8a/13	 [ filesize =	7008 ] generated
log: normal_stp2rf-11/16	 [ filesize =	1497 ] generated
log: normal_stp2rr-8b/13	 [ filesize =	7014 ] generated
log: normal_stp2rf-12/16	 [ filesize =	1510 ] generated
log: normal_stp2rf-13/16	 [ filesize =	1497 ] generated
log: normal_stp2rr-9a/13	 [ filesize =	0 ] generated
log: normal_stp2rr-9b/13	 [ filesize =	0 ] generated
log: normal_stp2fr-11/13	 [ filesize =	0 ] generated
log: normal_stp2rr-10/13	 [ filesize =	0 ] generated
log: normal_stp2rf-14/16	 [ filesize =	3001 ] generated
log: normal_stp2ff-10/13	 [ filesize =	0 ] generated
log: normal_stp2ff-11/13	 [ filesize =	0 ] generated
log: normal_stp2rr-11/13	 [ filesize =	0 ] generated
log: normal_stp2fr-12/13	 [ filesize =	0 ] generated
log: normal_stp2rf-15/16	 [ filesize =	3001 ] generated
log: normal_stp2rr-12/13	 [ filesize =	0 ] generated
log: normal_stp2ff-12/13	 [ filesize =	0 ] generated
log: normal_stp2fr-12.5/13	 [ filesize =	0 ] generated
log: normal_stp2rf-15.5/16	 [ filesize =	3001 ] generated
log: normal_stp2fr-13/13	 [ filesize =	0 ] generated
log: normal_stp2rr-13/13	 [ filesize =	0 ] generated
log: normal_stp2ff-13/13	 [ filesize =	0 ] generated
log: normal_stp2rf-16/16	 [ filesize =	3001 ] generated
log: normal_stp2tr-1/28	 [ filesize =	3807528 ] generated
log: normal_stp2tr-2/28	 [ filesize =	730277 ] generated
log: normal_stp2tr-3/28	 [ filesize =	557294 ] generated
log: normal_stp2tr-4/28	 [ filesize =	550623 ] generated
log: normal_stp2tr-5/28	 [ filesize =	102436 ] generated
log: normal_stp2tr-6/28	 [ filesize =	109773 ] generated
log: normal_stp2tr-7/28	 [ filesize =	541707 ] generated
log: normal_stp2tr-9/28	 [ filesize =	125930 ] generated
log: normal_stp2tr-8/28	 [ filesize =	141876 ] generated
log: normal_stp2tr-12/28	 [ filesize =	0 ] generated
log: normal_stp2tr-10/28	 [ filesize =	4182 ] generated
log: normal_stp2tr-13/28	 [ filesize =	6380 ] generated
log: normal_stp2tr-11/28	 [ filesize =	9021 ] generated
log: tumor_stp2rr-1/13	 [ filesize =	715127 ] generated
log: tumor_stp2ff-1/13	 [ filesize =	688551 ] generated
log: normal_stp2tr-14/28	 [ filesize =	0 ] generated
log: normal_stp2tr-17/28	 [ filesize =	0 ] generated
log: normal_stp2tr-15/28	 [ filesize =	0 ] generated
log: tumor_stp2ff-2/13	 [ filesize =	490565 ] generated
log: normal_stp2tr-16/28	 [ filesize =	0 ] generated
log: tumor_stp2rr-2/13	 [ filesize =	525054 ] generated
log: normal_stp2tr-18/28	 [ filesize =	0 ] generated
log: normal_stp2tr-25/28	 [ filesize =	0 ] generated
log: tumor_stp2ff-3/13	 [ filesize =	435199 ] generated
log: normal_stp2tr-22/28	 [ filesize =	0 ] generated
log: tumor_stp2rr-3/13	 [ filesize =	465908 ] generated
log: normal_stp2tr-23/28	 [ filesize =	0 ] generated
log: tumor_stp2ff-4/13	 [ filesize =	427739 ] generated
log: normal_stp2tr-23.5/28	 [ filesize =	0 ] generated
log: tumor_stp2rr-4/13	 [ filesize =	451033 ] generated
log: normal_stp2tr-24/28	 [ filesize =	0 ] generated
log: tumor_stp2ff-5/13	 [ filesize =	423253 ] generated
log: tumor_stp2rr-5/13	 [ filesize =	445077 ] generated
log: tumor_stp2rf-1/16	 [ filesize =	1303122 ] generated
log: tumor_stp2rf-2/16	 [ filesize =	931287 ] generated
log: tumor_stp2fr-1/13	 [ filesize =	595441 ] generated
log: tumor_stp2rf-3/16	 [ filesize =	781194 ] generated
log: tumor_stp2fr-2/13	 [ filesize =	537149 ] generated
log: tumor_stp2ff-6a/13	 [ filesize =	35296 ] generated
log: tumor_stp2rf-4/16	 [ filesize =	744036 ] generated
log: tumor_stp2fr-3/13	 [ filesize =	525252 ] generated
log: tumor_stp2ff-6b/13	 [ filesize =	36102 ] generated
log: tumor_stp2rr-6a/13	 [ filesize =	35681 ] generated
log: normal_stp2tr-26/28	 [ filesize =	0 ] generated
log: tumor_stp2rr-6b/13	 [ filesize =	35589 ] generated
log: normal_stp2tr-19/28	 [ filesize =	0 ] generated
log: tumor_stp2fr-4/13	 [ filesize =	518546 ] generated
log: tumor_stp2rf-5/16	 [ filesize =	735890 ] generated
log: normal_stp2tr-27/28	 [ filesize =	0 ] generated
log: normal_stp2tr-20/28	 [ filesize =	0 ] generated
log: normal_stp2tr-27.5/28	 [ filesize =	0 ] generated
log: normal_stp2tr-20.5/28	 [ filesize =	0 ] generated
log: tumor_stp2ff-7a/13	 [ filesize =	28088 ] generated
log: tumor_stp2ff-7b/13	 [ filesize =	29272 ] generated
log: normal_stp2tr-28/28	 [ filesize =	0 ] generated
log: normal_stp2tr-21/28	 [ filesize =	0 ] generated
log: tumor_stp2fr-5/13	 [ filesize =	83282 ] generated
log: tumor_stp2ff-8a/13	 [ filesize =	209564 ] generated
log: tumor_stp2ff-8b/13	 [ filesize =	210281 ] generated
log: tumor_stp2fr-6/13	 [ filesize =	59376 ] generated
log: tumor_stp2tr-1/28	 [ filesize =	6482690 ] generated
log: tumor_stp2fr-7/13	 [ filesize =	514370 ] generated
log: tumor_stp2ff-9a/13	 [ filesize =	180112 ] generated
log: tumor_stp2ff-9b/13	 [ filesize =	180963 ] generated
log: tumor_stp2tr-2/28	 [ filesize =	2112976 ] generated
log: tumor_stp2ff-10/13	 [ filesize =	359303 ] generated
log: tumor_stp2ff-11/13	 [ filesize =	350727 ] generated
log: tumor_stp2tr-3/28	 [ filesize =	1781773 ] generated
log: tumor_stp2ff-12/13	 [ filesize =	350727 ] generated
log: tumor_stp2fr-8/13	 [ filesize =	259049 ] generated
log: tumor_stp2ff-13/13	 [ filesize =	350727 ] generated
log: tumor_stp2fr-9/13	 [ filesize =	246909 ] generated
log: tumor_stp2fr-10/13	 [ filesize =	247698 ] generated
log: tumor_stp2fr-11/13	 [ filesize =	481494 ] generated
log: tumor_stp2fr-12/13	 [ filesize =	481122 ] generated
log: tumor_stp2rf-6/16	 [ filesize =	124296 ] generated
log: tumor_stp2tr-4/28	 [ filesize =	1755809 ] generated
log: tumor_stp2rf-7/16	 [ filesize =	100408 ] generated
log: tumor_stp2rf-8/16	 [ filesize =	729950 ] generated
log: tumor_stp2rf-9/16	 [ filesize =	368021 ] generated
log: tumor_stp2rf-10/16	 [ filesize =	214475 ] generated
log: tumor_stp2rf-11/16	 [ filesize =	214688 ] generated
log: tumor_stp2rf-12/16	 [ filesize =	211842 ] generated
log: tumor_stp2rf-13/16	 [ filesize =	211287 ] generated
log: tumor_stp2rf-14/16	 [ filesize =	450963 ] generated
log: tumor_stp2tr-5/28	 [ filesize =	317991 ] generated
log: tumor_stp2rf-15/16	 [ filesize =	409306 ] generated
log: tumor_stp2rf-15.5/16	 [ filesize =	409306 ] generated
log: tumor_stp2rf-16/16	 [ filesize =	409306 ] generated
log: tumor_stp2tr-6/28	 [ filesize =	321075 ] generated
log: tumor_stp2tr-7/28	 [ filesize =	1727381 ] generated
log: tumor_stp2fr-12.5/13	 [ filesize =	481122 ] generated
log: tumor_stp2fr-13/13	 [ filesize =	481122 ] generated
log: tumor_stp2tr-9/28	 [ filesize =	389684 ] generated
log: tumor_stp2rr-7a/13	 [ filesize =	28591 ] generated
log: tumor_stp2rr-7b/13	 [ filesize =	27694 ] generated
log: tumor_stp2rr-8a/13	 [ filesize =	220573 ] generated
log: tumor_stp2rr-8b/13	 [ filesize =	220916 ] generated
log: tumor_stp2rr-9a/13	 [ filesize =	201271 ] generated
log: tumor_stp2rr-9b/13	 [ filesize =	201935 ] generated
log: tumor_stp2rr-10/13	 [ filesize =	441651 ] generated
log: tumor_stp2rr-11/13	 [ filesize =	398894 ] generated
log: tumor_stp2rr-12/13	 [ filesize =	398894 ] generated
log: tumor_stp2rr-13/13	 [ filesize =	398894 ] generated
log: tumor_stp2tr-8/28	 [ filesize =	437733 ] generated
log: tumor_stp2tr-10/28	 [ filesize =	88203 ] generated
log: tumor_stp2tr-11/28	 [ filesize =	89215 ] generated
log: tumor_stp2tr-13/28	 [ filesize =	121415 ] generated
log: tumor_stp2tr-12/28	 [ filesize =	60482 ] generated
log: tumor_stp2tr-15/28	 [ filesize =	79816 ] generated
log: tumor_stp2tr-14/28	 [ filesize =	53632 ] generated
log: tumor_stp2tr-18/28	 [ filesize =	107192 ] generated
log: tumor_stp2tr-19/28	 [ filesize =	53596 ] generated
log: tumor_stp2tr-20/28	 [ filesize =	53596 ] generated
log: tumor_stp2tr-20.5/28	 [ filesize =	53596 ] generated
log: tumor_stp2tr-21/28	 [ filesize =	53596 ] generated
log: tumor_stp2tr-17/28	 [ filesize =	99931 ] generated
log: tumor_stp2tr-25/28	 [ filesize =	208766 ] generated
log: tumor_stp2tr-26/28	 [ filesize =	104383 ] generated
log: tumor_stp2tr-27/28	 [ filesize =	99894 ] generated
log: tumor_stp2tr-27.5/28	 [ filesize =	99894 ] generated
log: tumor_stp2tr-28/28	 [ filesize =	99894 ] generated
log: tumor_stp2tr-16/28	 [ filesize =	79902 ] generated
log: tumor_stp2tr-22/28	 [ filesize =	159574 ] generated
log: tumor_stp2tr-23/28	 [ filesize =	159574 ] generated
log: tumor_stp2tr-23.5/28	 [ filesize =	159574 ] generated
log: tumor_stp2tr-24/28	 [ filesize =	159574 ] generated
log: normal_stp3cluster-1/7	 [	0 cluster,	filesize =	0 ] generated
log: normal_stp3cluster-2/7	 [	0 cluster,	filesize =	0 ] generated
log: normal_stp3cluster-3/7	 [	0 cluster,	filesize =	0 ] generated
log: normal_stp3cluster-4/7	 [	1 cluster,	filesize =	3001 ] generated
log: normal_stp3cluster-5/7	 [	0 cluster,	filesize =	0 ] generated
log: normal_stp3cluster-6/7	 [	0 cluster,	filesize =	0 ] generated
log: normal_stp3cluster-7/7	 [	0 cluster,	filesize =	0 ] generated
log: tumor_stp3cluster-1/7	 [	20 cluster,	filesize =	355571 ] generated
log: tumor_stp3cluster-2/7	 [	11 cluster,	filesize =	238610 ] generated
log: tumor_stp3cluster-3/7	 [	13 cluster,	filesize =	120542 ] generated
log: tumor_stp3cluster-4/7	 [	14 cluster,	filesize =	235080 ] generated
log: tumor_stp3cluster-5/7	 [	17 cluster,	filesize =	127443 ] generated
log: tumor_stp3cluster-6/7	 [	2 cluster,	filesize =	34181 ] generated
log: tumor_stp3cluster-7/7	 [	4 cluster,	filesize =	57283 ] generated
log: tumor_stp4trans_ff-1/10	 [ filesize =	8935 ] generated
log: tumor_stp4del-1/13	 [ filesize =	329052 ] generated
log: tumor_stp4tdm-1/13	 [ filesize =	286092 ] generated
log: tumor_stp4trans_fr-1/10	 [ filesize =	26668 ] generated
log: tumor_stp4trans_rr-1/10	 [ filesize =	16590 ] generated
log: tumor_stp4tdm-2/13	 [	30 cluster,	filesize =	1800 ] generated
log: tumor_stp4tdm-3/13	 [	30 cluster,	filesize =	1800 ] generated
log: tumor_stp4del-2/13	 [	28 cluster,	filesize =	1676 ] generated
log: tumor_stp4del-3/13	 [	28 cluster,	filesize =	1676 ] generated
log: tumor_stp4inv-1/20	 [ filesize =	232917 ] generated
log: tumor_stp4trans_fr-2/10	 [	24 cluster,	filesize =	1432 ] generated
log: tumor_stp4trans_ff-2/10	 [	6 cluster,	filesize =	358 ] generated
log: tumor_stp4trans_rr-2/10	 [	10 cluster,	filesize =	596 ] generated
log: tumor_stp4tdm-4/13	 [	30 cluster,	filesize =	1800 ] generated
log: tumor_stp4trans_ff-3/10	 [	6 cluster,	filesize =	53596 ] generated
log: tumor_stp4trans_rr-3/10	 [	298 cluster,	filesize =	99894 ] generated
log: tumor_stp4trans_fr-3/10	 [	24 cluster,	filesize =	159574 ] generated
log: tumor_stp4inv-2/20	 [ filesize =	118481 ] generated
log: tumor_stp4tdm-5/13	 [	30 cluster,	filesize =	409306 ] generated
log: tumor_stp4trans_ff-4/10	 [	6 cluster,	filesize =	360 ] generated
log: tumor_stp4trans_rr-4/10	 [	10 cluster,	filesize =	601 ] generated
log: tumor_stp4del-4/13	 [	28 cluster,	filesize =	1676 ] generated
log: tumor_stp4inv-3/20	 [	52 cluster,	filesize =	3120 ] generated
log: tumor_stp4inv-4/20	 [	52 cluster,	filesize =	3120 ] generated
log: tumor_stp4del-5/13	 [	28 cluster,	filesize =	481122 ] generated
log: tumor_stp4tdm-6/13	 [	29 cluster,	filesize =	1912 ] generated
log: tumor_stp4tdm-7/13	 [	29 cluster,	filesize =	1912 ] generated
log: tumor_stp4trans_ff-5/10	 [	6 cluster,	filesize =	53596 ] generated
log: tumor_stp4trans_rr-5/10	 [	10 cluster,	filesize =	99894 ] generated
log: tumor_stp4tdm-8/13	 [	29 cluster,	filesize =	406314 ] generated
log: tumor_stp4trans_fr-4/10	 [	24 cluster,	filesize =	1438 ] generated
log: tumor_stp4trans_fr-5/10	 [	24 cluster,	filesize =	159574 ] generated
log: tumor_stp4del-6/13	 [	28 cluster,	filesize =	1832 ] generated
log: tumor_stp4trans_rr-6/10	 [	10 cluster,	filesize =	99894 ] generated
log: tumor_stp4del-7/13	 [	28 cluster,	filesize =	1832 ] generated
log: tumor_stp4trans_fr-6/10	 [	24 cluster,	filesize =	159574 ] generated
log: tumor_stp4trans_rr-7/10	 [	10 cluster,	filesize =	99894 ] generated
log: tumor_stp4tdm-9/13	 [	29 cluster,	filesize =	406314 ] generated
log: tumor_stp4tdm-10/13	 [	29 cluster,	filesize =	406314 ] generated
log: tumor_stp4trans_fr-7/10	 [	24 cluster,	filesize =	159574 ] generated
log: tumor_stp4del-8/13	 [	28 cluster,	filesize =	481122 ] generated
log: tumor_stp4trans_rr-8/10	 [	4 cluster,	filesize =	57283 ] generated
log: tumor_stp4trans_fr-8/10	 [	17 cluster,	filesize =	127443 ] generated
log: tumor_stp4tdm-11/13	 [	13 cluster,	filesize =	232088 ] generated
log: tumor_stp4trans_ff-6/10	 [	6 cluster,	filesize =	53596 ] generated
log: tumor_stp4del-9/13	 [	28 cluster,	filesize =	481122 ] generated
log: tumor_stp4del-10/13	 [	28 cluster,	filesize =	481122 ] generated
log: tumor_stp4trans_fr-9/10	 [	24 cluster,	filesize =	159574 ] generated
log: tumor_stp4del-11/13	 [	20 cluster,	filesize =	355571 ] generated
log: tumor_stp4trans_rr-9/10	 [	10 cluster,	filesize =	99894 ] generated
log: tumor_stp4tdm-12/13	 [	29 cluster,	filesize =	406314 ] generated
log: tumor_stp4del-12/13	 [	28 cluster,	filesize =	481122 ] generated
log: tumor_stp4inv-5/20	 [	21 cluster,	filesize =	1260 ] generated
log: tumor_stp4inv-6/20	 [	31 cluster,	filesize =	1860 ] generated
log: tumor_stp4trans_rr-10/10	 [ filesize =	16590 ] generated
log: tumor_stp4inv-7/20	 [	21 cluster,	filesize =	350727 ] generated
log: tumor_stp4inv-8/20	 [	31 cluster,	filesize =	398894 ] generated
log: tumor_stp4inv-9/20	 [	21 cluster,	filesize =	1386 ] generated
log: tumor_stp4inv-10/20	 [	31 cluster,	filesize =	2022 ] generated
log: tumor_stp4del-13/13	 [ filesize =	245356 ] generated
log: tumor_stp4inv-11/20	 [	21 cluster,	filesize =	350727 ] generated
log: tumor_stp4inv-12/20	 [	31 cluster,	filesize =	398894 ] generated
log: tumor_stp4inv-13/20	 [	21 cluster,	filesize =	350727 ] generated
log: tumor_stp4inv-14/20	 [	31 cluster,	filesize =	398894 ] generated
log: tumor_stp4inv-15/20	 [	11 cluster,	filesize =	238610 ] generated
log: tumor_stp4inv-16/20	 [	11 cluster,	filesize =	238610 ] generated
log: tumor_stp4inv-17/20	 [	21 cluster,	filesize =	350727 ] generated
log: tumor_stp4inv-18/20	 [	31 cluster,	filesize =	398894 ] generated
log: tumor_stp4inv-19/20	 [ filesize =	232917 ] generated
log: tumor_stp4trans_ff-7/10	 [	6 cluster,	filesize =	53596 ] generated
log: tumor_stp4trans_ff-8/10	 [	2 cluster,	filesize =	34181 ] generated
log: tumor_stp4inv-20/20	 [ filesize =	118481 ] generated
log: tumor_stp4trans_ff-9/10	 [	6 cluster,	filesize =	53596 ] generated
log: tumor_stp4trans_ff-10/10	 [ filesize =	8935 ] generated
log: tumor_stp4trans_fr-10/10	 [ filesize =	26668 ] generated
log: tumor_stp4tdm-13/13	 [ filesize =	285577 ] generated
log: tumor_stp5-1/5	 [	149 cluster,	filesize =	24910 ] generated
log: tumor_stp5-2/5	 [	149 cluster,	filesize =	24349 ] generated
log: tumor_stp5-3/5	 [	149 cluster,	filesize =	24349 ] generated
log: tumor_stp5-4/5	 [	149 cluster,	filesize =	18095 ] generated
log: tumor_stp5-5/5	 [	149 cluster,	filesize =	14796 ] generated
