requested Hard Resources
  memory (s_vmem): 8G = A task requires 8GB of memory per slot.
  slots (def_slot): 1 = A task requires 100% of CPU.
  total memory: 8G = A task requires 8GB of memory.
array job tasks
  SGE_TASK_FIRST: 1
  SGE_TASK_LAST: 20
  SGE_TASK_STEPSIZE: 1
Your job-array 72967752.1-20:1 ("tAN000_list") has been submitted
requested Hard Resources
  memory (s_vmem): 5G = The job requires 5GB of memory per slot.
  slots (def_slot): 1 = The job requires 100% of CPU.
  total memory: 5G = The job requires 5GB of memory.
Your job 72967760 ("tAN000_ff") has been submitted
requested Hard Resources
  memory (s_vmem): 5G = The job requires 5GB of memory per slot.
  slots (def_slot): 1 = The job requires 100% of CPU.
  total memory: 5G = The job requires 5GB of memory.
Your job 72967762 ("tAN000_rr") has been submitted
requested Hard Resources
  memory (s_vmem): 5G = The job requires 5GB of memory per slot.
  slots (def_slot): 1 = The job requires 100% of CPU.
  total memory: 5G = The job requires 5GB of memory.
Your job 72967764 ("tAN000_fr") has been submitted
requested Hard Resources
  memory (s_vmem): 16G = The job requires 16GB of memory per slot.
  slots (def_slot): 1 = The job requires 100% of CPU.
  total memory: 16G = The job requires 16GB of memory.
Your job 72967766 ("tAN000_rf") has been submitted
requested Hard Resources
  memory (s_vmem): 32G = The job requires 32GB of memory per slot.
  slots (def_slot): 1 = The job requires 100% of CPU.
  total memory: 32G = The job requires 32GB of memory.
Your job 72967768 ("tAN000_tr_p") has been submitted
requested Hard Resources
  memory (s_vmem): 16G = The job requires 16GB of memory per slot.
  slots (def_slot): 1 = The job requires 100% of CPU.
  total memory: 16G = The job requires 16GB of memory.
Your job 72967770 ("tAN000_trfr") has been submitted
requested Hard Resources
  memory (s_vmem): 16G = The job requires 16GB of memory per slot.
  slots (def_slot): 1 = The job requires 100% of CPU.
  total memory: 16G = The job requires 16GB of memory.
Your job 72967773 ("tAN000_trff") has been submitted
requested Hard Resources
  memory (s_vmem): 16G = The job requires 16GB of memory per slot.
  slots (def_slot): 1 = The job requires 100% of CPU.
  total memory: 16G = The job requires 16GB of memory.
Your job 72967775 ("tAN000_trrr") has been submitted
requested Hard Resources
  memory (s_vmem): 1024M = The job requires 1024MB of memory per slot.
  slots (def_slot): 1 = The job requires 100% of CPU.
  total memory: 1024M = The job requires 1024MB of memory.
Your job 72967777 ("tAN000_clust") has been submitted
requested Hard Resources
  memory (s_vmem): 5G = The job requires 5GB of memory per slot.
  slots (def_slot): 1 = The job requires 100% of CPU.
  total memory: 5G = The job requires 5GB of memory.
Your job 72967785 ("tAN000_del") has been submitted
requested Hard Resources
  memory (s_vmem): 5G = The job requires 5GB of memory per slot.
  slots (def_slot): 1 = The job requires 100% of CPU.
  total memory: 5G = The job requires 5GB of memory.
Your job 72967787 ("tAN000_inv") has been submitted
requested Hard Resources
  memory (s_vmem): 5G = The job requires 5GB of memory per slot.
  slots (def_slot): 1 = The job requires 100% of CPU.
  total memory: 5G = The job requires 5GB of memory.
Your job 72967789 ("tAN000_tdm") has been submitted
requested Hard Resources
  memory (s_vmem): 16G = The job requires 16GB of memory per slot.
  slots (def_slot): 1 = The job requires 100% of CPU.
  total memory: 16G = The job requires 16GB of memory.
Your job 72967791 ("tAN000_trns_fr") has been submitted
requested Hard Resources
  memory (s_vmem): 16G = The job requires 16GB of memory per slot.
  slots (def_slot): 1 = The job requires 100% of CPU.
  total memory: 16G = The job requires 16GB of memory.
Your job 72967793 ("tAN000_trns_ff") has been submitted
requested Hard Resources
  memory (s_vmem): 16G = The job requires 16GB of memory per slot.
  slots (def_slot): 1 = The job requires 100% of CPU.
  total memory: 16G = The job requires 16GB of memory.
Your job 72967795 ("tAN000_trns_rr") has been submitted
requested Hard Resources
  memory (s_vmem): 1024M = The job requires 1024MB of memory per slot.
  slots (def_slot): 1 = The job requires 100% of CPU.
  total memory: 1024M = The job requires 1024MB of memory.
Your job 72967798 ("tAN000_output") has been submitted
