command:	/home/__User_Directory__/callallSV/script/pe/detectGR -i .list.sam.tumor -l 1340 -ni .list.sam.normal -nl 1340 32
Job start:	20230309_15-23-54

log: normal_stp2ff-1/13	 [ filesize =	190410 ] generated
log: normal_stp2ff-2/13	 [ filesize =	60345 ] generated
log: normal_stp2ff-3/13	 [ filesize =	23753 ] generated
log: normal_stp2ff-4/13	 [ filesize =	19293 ] generated
log: normal_stp2rr-1/13	 [ filesize =	216146 ] generated
log: normal_stp2rr-2/13	 [ filesize =	60563 ] generated
log: normal_stp2fr-1/13	 [ filesize =	74572 ] generated
log: normal_stp2rr-3/13	 [ filesize =	21566 ] generated
log: normal_stp2fr-2/13	 [ filesize =	27488 ] generated
log: normal_stp2ff-5/13	 [ filesize =	18554 ] generated
log: normal_stp2tr-1/28	 [ filesize =	3732477 ] generated
log: normal_stp2tr-2/28	 [ filesize =	673888 ] generated
log: normal_stp2tr-3/28	 [ filesize =	503257 ] generated
log: normal_stp2fr-3/13	 [ filesize =	23774 ] generated
log: normal_stp2fr-4/13	 [ filesize =	23774 ] generated
log: normal_stp2fr-5/13	 [ filesize =	6070 ] generated
log: normal_stp2rr-4/13	 [ filesize =	18573 ] generated
log: normal_stp2rr-5/13	 [ filesize =	17831 ] generated
log: normal_stp2tr-4/28	 [ filesize =	489909 ] generated
log: normal_stp2tr-5/28	 [ filesize =	90954 ] generated
log: normal_stp2rf-1/16	 [ filesize =	627340 ] generated
log: normal_stp2rr-6a/13	 [ filesize =	3423 ] generated
log: normal_stp2rf-2/16	 [ filesize =	320449 ] generated
log: normal_stp2ff-6a/13	 [ filesize =	3362 ] generated
log: normal_stp2rr-6b/13	 [ filesize =	3336 ] generated
log: normal_stp2ff-6b/13	 [ filesize =	3482 ] generated
log: normal_stp2tr-6/28	 [ filesize =	97504 ] generated
log: normal_stp2rf-3/16	 [ filesize =	201220 ] generated
log: normal_stp2rf-4/16	 [ filesize =	184195 ] generated
log: normal_stp2tr-7/28	 [ filesize =	481977 ] generated
log: normal_stp2ff-7a/13	 [ filesize =	3395 ] generated
log: normal_stp2ff-7b/13	 [ filesize =	3525 ] generated
log: normal_stp2rf-5/16	 [ filesize =	177504 ] generated
log: normal_stp2rr-7a/13	 [ filesize =	3440 ] generated
log: normal_stp2rr-7b/13	 [ filesize =	3353 ] generated
log: normal_stp2ff-8a/13	 [ filesize =	9164 ] generated
log: normal_stp2ff-8b/13	 [ filesize =	9240 ] generated
log: normal_stp2rf-6/16	 [ filesize =	30054 ] generated
log: normal_stp2rr-8a/13	 [ filesize =	8846 ] generated
log: normal_stp2rr-8b/13	 [ filesize =	8841 ] generated
log: normal_stp2rf-7/16	 [ filesize =	29899 ] generated
log: normal_stp2fr-6/13	 [ filesize =	6068 ] generated
log: normal_stp2fr-7/13	 [ filesize =	23582 ] generated
log: normal_stp2rr-9a/13	 [ filesize =	0 ] generated
log: normal_stp2ff-9a/13	 [ filesize =	0 ] generated
log: normal_stp2rr-9b/13	 [ filesize =	0 ] generated
log: normal_stp2ff-9b/13	 [ filesize =	0 ] generated
log: normal_stp2rf-8/16	 [ filesize =	176064 ] generated
log: normal_stp2fr-8/13	 [ filesize =	11857 ] generated
log: normal_stp2rf-9/16	 [ filesize =	88650 ] generated
log: normal_stp2tr-9/28	 [ filesize =	134112 ] generated
log: normal_stp2fr-9/13	 [ filesize =	3425 ] generated
log: normal_stp2rf-10/16	 [ filesize =	4545 ] generated
log: normal_stp2rf-11/16	 [ filesize =	4549 ] generated
log: normal_stp2fr-10/13	 [ filesize =	4208 ] generated
log: normal_stp2rr-10/13	 [ filesize =	0 ] generated
log: normal_stp2fr-11/13	 [ filesize =	0 ] generated
log: normal_stp2ff-10/13	 [ filesize =	0 ] generated
log: normal_stp2fr-12/13	 [ filesize =	0 ] generated
log: normal_stp2rr-11/13	 [ filesize =	0 ] generated
log: normal_stp2rf-12/16	 [ filesize =	2665 ] generated
log: normal_stp2ff-11/13	 [ filesize =	0 ] generated
log: normal_stp2fr-12.5/13	 [ filesize =	0 ] generated
log: normal_stp2rr-12/13	 [ filesize =	0 ] generated
log: normal_stp2ff-12/13	 [ filesize =	0 ] generated
log: normal_stp2fr-13/13	 [ filesize =	0 ] generated
log: normal_stp2rr-13/13	 [ filesize =	0 ] generated
log: normal_stp2ff-13/13	 [ filesize =	0 ] generated
log: normal_stp2rf-13/16	 [ filesize =	2662 ] generated
log: normal_stp2rf-14/16	 [ filesize =	0 ] generated
log: normal_stp2rf-15/16	 [ filesize =	0 ] generated
log: normal_stp2rf-15.5/16	 [ filesize =	0 ] generated
log: normal_stp2rf-16/16	 [ filesize =	0 ] generated
log: normal_stp2tr-8/28	 [ filesize =	126648 ] generated
log: normal_stp2tr-10/28	 [ filesize =	1527 ] generated
log: normal_stp2tr-11/28	 [ filesize =	8279 ] generated
log: tumor_stp2fr-1/13	 [ filesize =	635640 ] generated
log: tumor_stp2fr-2/13	 [ filesize =	581857 ] generated
log: normal_stp2tr-12/28	 [ filesize =	1521 ] generated
log: tumor_stp2fr-3/13	 [ filesize =	565447 ] generated
log: normal_stp2tr-15/28	 [ filesize =	0 ] generated
log: tumor_stp2fr-4/13	 [ filesize =	553522 ] generated
log: normal_stp2tr-16/28	 [ filesize =	0 ] generated
log: normal_stp2tr-14/28	 [ filesize =	0 ] generated
log: normal_stp2tr-13/28	 [ filesize =	3755 ] generated
log: normal_stp2tr-17/28	 [ filesize =	0 ] generated
log: normal_stp2tr-22/28	 [ filesize =	0 ] generated
log: normal_stp2tr-23/28	 [ filesize =	0 ] generated
log: normal_stp2tr-23.5/28	 [ filesize =	0 ] generated
log: normal_stp2tr-24/28	 [ filesize =	0 ] generated
log: tumor_stp2tr-1/28	 [ filesize =	6305338 ] generated
log: tumor_stp2fr-5/13	 [ filesize =	89246 ] generated
log: tumor_stp2ff-1/13	 [ filesize =	693734 ] generated
log: tumor_stp2rf-1/16	 [ filesize =	1362729 ] generated
log: tumor_stp2ff-2/13	 [ filesize =	503920 ] generated
log: tumor_stp2fr-6/13	 [ filesize =	63490 ] generated
log: tumor_stp2rr-1/13	 [ filesize =	748843 ] generated
log: tumor_stp2tr-2/28	 [ filesize =	2065463 ] generated
log: tumor_stp2rf-2/16	 [ filesize =	1007307 ] generated
log: tumor_stp2ff-3/13	 [ filesize =	447096 ] generated
log: tumor_stp2rr-2/13	 [ filesize =	562524 ] generated
log: tumor_stp2fr-7/13	 [ filesize =	549064 ] generated
log: tumor_stp2rf-3/16	 [ filesize =	811616 ] generated
log: tumor_stp2ff-4/13	 [ filesize =	428426 ] generated
log: tumor_stp2rr-3/13	 [ filesize =	495110 ] generated
log: tumor_stp2ff-5/13	 [ filesize =	407541 ] generated
log: tumor_stp2rr-4/13	 [ filesize =	483932 ] generated
log: tumor_stp2tr-3/28	 [ filesize =	1747097 ] generated
log: tumor_stp2rr-5/13	 [ filesize =	460096 ] generated
log: tumor_stp2rf-4/16	 [ filesize =	778887 ] generated
log: normal_stp2tr-18/28	 [ filesize =	0 ] generated
log: normal_stp2tr-25/28	 [ filesize =	0 ] generated
log: tumor_stp2rf-5/16	 [ filesize =	752100 ] generated
log: normal_stp2tr-26/28	 [ filesize =	0 ] generated
log: normal_stp2tr-19/28	 [ filesize =	0 ] generated
log: normal_stp2tr-20/28	 [ filesize =	0 ] generated
log: normal_stp2tr-20.5/28	 [ filesize =	0 ] generated
log: tumor_stp2rr-6a/13	 [ filesize =	37273 ] generated
log: tumor_stp2rr-6b/13	 [ filesize =	37311 ] generated
log: tumor_stp2rf-6/16	 [ filesize =	126750 ] generated
log: tumor_stp2tr-4/28	 [ filesize =	1715974 ] generated
log: tumor_stp2fr-8/13	 [ filesize =	276417 ] generated
log: tumor_stp2ff-6a/13	 [ filesize =	34242 ] generated
log: tumor_stp2ff-6b/13	 [ filesize =	34978 ] generated
log: normal_stp2tr-21/28	 [ filesize =	0 ] generated
log: tumor_stp2rr-7a/13	 [ filesize =	30132 ] generated
log: tumor_stp2fr-9/13	 [ filesize =	268205 ] generated
log: tumor_stp2rr-7b/13	 [ filesize =	29513 ] generated
log: normal_stp2tr-27/28	 [ filesize =	0 ] generated
log: normal_stp2tr-27.5/28	 [ filesize =	0 ] generated
log: tumor_stp2fr-10/13	 [ filesize =	268847 ] generated
log: normal_stp2tr-28/28	 [ filesize =	0 ] generated
log: tumor_stp2rr-8a/13	 [ filesize =	228028 ] generated
log: tumor_stp2rr-8b/13	 [ filesize =	228360 ] generated
log: tumor_stp2fr-11/13	 [ filesize =	512493 ] generated
log: tumor_stp2ff-7a/13	 [ filesize =	27462 ] generated
log: tumor_stp2rf-7/16	 [ filesize =	101338 ] generated
log: tumor_stp2ff-7b/13	 [ filesize =	28324 ] generated
log: tumor_stp2fr-12/13	 [ filesize =	511002 ] generated
log: tumor_stp2ff-8a/13	 [ filesize =	201773 ] generated
log: tumor_stp2rr-9a/13	 [ filesize =	203995 ] generated
log: tumor_stp2ff-8b/13	 [ filesize =	202486 ] generated
log: tumor_stp2rr-9b/13	 [ filesize =	203869 ] generated
log: tumor_stp2fr-12.5/13	 [ filesize =	511002 ] generated
log: tumor_stp2fr-13/13	 [ filesize =	511002 ] generated
log: tumor_stp2tr-5/28	 [ filesize =	309597 ] generated
log: tumor_stp2rf-8/16	 [ filesize =	746028 ] generated
log: tumor_stp2rr-10/13	 [ filesize =	437986 ] generated
log: tumor_stp2ff-9a/13	 [ filesize =	176772 ] generated
log: tumor_stp2ff-9b/13	 [ filesize =	177248 ] generated
log: tumor_stp2rr-11/13	 [ filesize =	395201 ] generated
log: tumor_stp2tr-6/28	 [ filesize =	314533 ] generated
log: tumor_stp2rr-12/13	 [ filesize =	395201 ] generated
log: tumor_stp2rf-9/16	 [ filesize =	376188 ] generated
log: tumor_stp2rr-13/13	 [ filesize =	395201 ] generated
log: tumor_stp2rf-10/16	 [ filesize =	228244 ] generated
log: tumor_stp2tr-7/28	 [ filesize =	1688194 ] generated
log: tumor_stp2rf-11/16	 [ filesize =	227922 ] generated
log: tumor_stp2rf-12/16	 [ filesize =	225955 ] generated
log: tumor_stp2rf-13/16	 [ filesize =	225255 ] generated
log: tumor_stp2rf-14/16	 [ filesize =	481768 ] generated
log: tumor_stp2tr-9/28	 [ filesize =	389733 ] generated
log: tumor_stp2rf-15/16	 [ filesize =	439703 ] generated
log: tumor_stp2ff-10/13	 [ filesize =	358311 ] generated
log: tumor_stp2rf-15.5/16	 [ filesize =	439703 ] generated
log: tumor_stp2rf-16/16	 [ filesize =	439703 ] generated
log: tumor_stp2ff-11/13	 [ filesize =	350103 ] generated
log: tumor_stp2ff-12/13	 [ filesize =	350103 ] generated
log: tumor_stp2ff-13/13	 [ filesize =	350103 ] generated
log: tumor_stp2tr-12/28	 [ filesize =	45693 ] generated
log: tumor_stp2tr-13/28	 [ filesize =	105283 ] generated
log: tumor_stp2tr-8/28	 [ filesize =	431822 ] generated
log: tumor_stp2tr-10/28	 [ filesize =	93670 ] generated
log: tumor_stp2tr-11/28	 [ filesize =	100100 ] generated
log: tumor_stp2tr-14/28	 [ filesize =	40353 ] generated
log: tumor_stp2tr-18/28	 [ filesize =	88076 ] generated
log: tumor_stp2tr-19/28	 [ filesize =	44038 ] generated
log: tumor_stp2tr-20/28	 [ filesize =	40328 ] generated
log: tumor_stp2tr-20.5/28	 [ filesize =	40328 ] generated
log: tumor_stp2tr-21/28	 [ filesize =	40328 ] generated
log: tumor_stp2tr-17/28	 [ filesize =	93279 ] generated
log: tumor_stp2tr-25/28	 [ filesize =	202196 ] generated
log: tumor_stp2tr-26/28	 [ filesize =	101098 ] generated
log: tumor_stp2tr-15/28	 [ filesize =	82662 ] generated
log: tumor_stp2tr-27/28	 [ filesize =	93259 ] generated
log: tumor_stp2tr-27.5/28	 [ filesize =	93259 ] generated
log: tumor_stp2tr-28/28	 [ filesize =	93259 ] generated
log: tumor_stp2tr-16/28	 [ filesize =	82825 ] generated
log: tumor_stp2tr-22/28	 [ filesize =	165367 ] generated
log: tumor_stp2tr-23/28	 [ filesize =	165367 ] generated
log: tumor_stp2tr-23.5/28	 [ filesize =	165367 ] generated
log: tumor_stp2tr-24/28	 [ filesize =	165367 ] generated
log: normal_stp3cluster-1/7	 [	0 cluster,	filesize =	0 ] generated
log: normal_stp3cluster-2/7	 [	0 cluster,	filesize =	0 ] generated
log: normal_stp3cluster-3/7	 [	0 cluster,	filesize =	0 ] generated
log: normal_stp3cluster-4/7	 [	0 cluster,	filesize =	0 ] generated
log: normal_stp3cluster-5/7	 [	0 cluster,	filesize =	0 ] generated
log: normal_stp3cluster-6/7	 [	0 cluster,	filesize =	0 ] generated
log: normal_stp3cluster-7/7	 [	0 cluster,	filesize =	0 ] generated
log: tumor_stp3cluster-1/7	 [	23 cluster,	filesize =	378058 ] generated
log: tumor_stp3cluster-2/7	 [	17 cluster,	filesize =	254384 ] generated
log: tumor_stp3cluster-3/7	 [	10 cluster,	filesize =	112178 ] generated
log: tumor_stp3cluster-4/7	 [	17 cluster,	filesize =	238108 ] generated
log: tumor_stp3cluster-5/7	 [	13 cluster,	filesize =	125826 ] generated
log: tumor_stp3cluster-6/7	 [	4 cluster,	filesize =	23874 ] generated
log: tumor_stp3cluster-7/7	 [	6 cluster,	filesize =	60342 ] generated
log: tumor_stp4trans_ff-1/10	 [ filesize =	6826 ] generated
log: tumor_stp4del-1/13	 [ filesize =	334403 ] generated
log: tumor_stp4inv-1/20	 [ filesize =	237830 ] generated
log: tumor_stp4trans_fr-1/10	 [ filesize =	27550 ] generated
log: tumor_stp4del-2/13	 [	31 cluster,	filesize =	1862 ] generated
log: tumor_stp4del-3/13	 [	31 cluster,	filesize =	1862 ] generated
log: tumor_stp4inv-2/20	 [ filesize =	117749 ] generated
log: tumor_stp4tdm-1/13	 [ filesize =	232346 ] generated
log: tumor_stp4inv-3/20	 [	55 cluster,	filesize =	3296 ] generated
log: tumor_stp4inv-4/20	 [	55 cluster,	filesize =	3296 ] generated
log: tumor_stp4trans_rr-1/10	 [ filesize =	15490 ] generated
log: tumor_stp4inv-5/20	 [	26 cluster,	filesize =	1556 ] generated
log: tumor_stp4inv-6/20	 [	29 cluster,	filesize =	1740 ] generated
log: tumor_stp4tdm-2/13	 [	33 cluster,	filesize =	1971 ] generated
log: tumor_stp4tdm-3/13	 [	33 cluster,	filesize =	1971 ] generated
log: tumor_stp4trans_fr-2/10	 [	20 cluster,	filesize =	1193 ] generated
log: tumor_stp4trans_fr-3/10	 [	20 cluster,	filesize =	165367 ] generated
log: tumor_stp4inv-7/20	 [	26 cluster,	filesize =	350103 ] generated
log: tumor_stp4trans_rr-2/10	 [	11 cluster,	filesize =	658 ] generated
log: tumor_stp4inv-8/20	 [	29 cluster,	filesize =	395201 ] generated
log: tumor_stp4trans_rr-3/10	 [	283 cluster,	filesize =	93259 ] generated
log: tumor_stp4trans_fr-4/10	 [	20 cluster,	filesize =	1200 ] generated
log: tumor_stp4inv-9/20	 [	26 cluster,	filesize =	1703 ] generated
log: tumor_stp4trans_rr-4/10	 [	11 cluster,	filesize =	662 ] generated
log: tumor_stp4inv-10/20	 [	29 cluster,	filesize =	1892 ] generated
log: tumor_stp4trans_rr-5/10	 [	11 cluster,	filesize =	93259 ] generated
log: tumor_stp4trans_fr-5/10	 [	20 cluster,	filesize =	165367 ] generated
log: tumor_stp4tdm-4/13	 [	33 cluster,	filesize =	1971 ] generated
log: tumor_stp4inv-11/20	 [	26 cluster,	filesize =	350103 ] generated
log: tumor_stp4inv-12/20	 [	29 cluster,	filesize =	395201 ] generated
log: tumor_stp4trans_rr-6/10	 [	11 cluster,	filesize =	93259 ] generated
log: tumor_stp4tdm-5/13	 [	33 cluster,	filesize =	439703 ] generated
log: tumor_stp4trans_fr-6/10	 [	20 cluster,	filesize =	165367 ] generated
log: tumor_stp4trans_rr-7/10	 [	11 cluster,	filesize =	93259 ] generated
log: tumor_stp4trans_fr-7/10	 [	20 cluster,	filesize =	165367 ] generated
log: tumor_stp4tdm-6/13	 [	32 cluster,	filesize =	2085 ] generated
log: tumor_stp4trans_fr-8/10	 [	13 cluster,	filesize =	125826 ] generated
log: tumor_stp4tdm-7/13	 [	32 cluster,	filesize =	2085 ] generated
log: tumor_stp4tdm-8/13	 [	32 cluster,	filesize =	436703 ] generated
log: tumor_stp4trans_rr-8/10	 [	6 cluster,	filesize =	60342 ] generated
log: tumor_stp4trans_rr-9/10	 [	11 cluster,	filesize =	93259 ] generated
log: tumor_stp4tdm-9/13	 [	32 cluster,	filesize =	436703 ] generated
log: tumor_stp4tdm-10/13	 [	32 cluster,	filesize =	436703 ] generated
log: tumor_stp4trans_fr-9/10	 [	20 cluster,	filesize =	165367 ] generated
log: tumor_stp4trans_ff-2/10	 [	8 cluster,	filesize =	476 ] generated
log: tumor_stp4tdm-11/13	 [	17 cluster,	filesize =	238108 ] generated
log: tumor_stp4trans_ff-3/10	 [	8 cluster,	filesize =	40328 ] generated
log: tumor_stp4trans_ff-4/10	 [	8 cluster,	filesize =	477 ] generated
log: tumor_stp4trans_ff-5/10	 [	8 cluster,	filesize =	40328 ] generated
log: tumor_stp4trans_ff-6/10	 [	8 cluster,	filesize =	40328 ] generated
log: tumor_stp4tdm-12/13	 [	32 cluster,	filesize =	436703 ] generated
log: tumor_stp4trans_ff-7/10	 [	8 cluster,	filesize =	40328 ] generated
log: tumor_stp4trans_ff-8/10	 [	4 cluster,	filesize =	23874 ] generated
log: tumor_stp4trans_rr-10/10	 [ filesize =	15490 ] generated
log: tumor_stp4trans_ff-9/10	 [	8 cluster,	filesize =	40328 ] generated
log: tumor_stp4trans_fr-10/10	 [ filesize =	27550 ] generated
log: tumor_stp4inv-13/20	 [	26 cluster,	filesize =	350103 ] generated
log: tumor_stp4inv-14/20	 [	29 cluster,	filesize =	395201 ] generated
log: tumor_stp4trans_ff-10/10	 [ filesize =	6826 ] generated
log: tumor_stp4inv-15/20	 [	17 cluster,	filesize =	254384 ] generated
log: tumor_stp4inv-16/20	 [	17 cluster,	filesize =	254384 ] generated
log: tumor_stp4tdm-13/13	 [ filesize =	231829 ] generated
log: tumor_stp4inv-17/20	 [	26 cluster,	filesize =	350103 ] generated
log: tumor_stp4inv-18/20	 [	29 cluster,	filesize =	395201 ] generated
log: tumor_stp4del-4/13	 [	31 cluster,	filesize =	1862 ] generated
log: tumor_stp4del-5/13	 [	31 cluster,	filesize =	511002 ] generated
log: tumor_stp4del-6/13	 [	30 cluster,	filesize =	1962 ] generated
log: tumor_stp4del-7/13	 [	30 cluster,	filesize =	1962 ] generated
log: tumor_stp4del-8/13	 [	30 cluster,	filesize =	508002 ] generated
log: tumor_stp4del-9/13	 [	30 cluster,	filesize =	508002 ] generated
log: tumor_stp4del-10/13	 [	30 cluster,	filesize =	508002 ] generated
log: tumor_stp4del-11/13	 [	22 cluster,	filesize =	375058 ] generated
log: tumor_stp4del-12/13	 [	30 cluster,	filesize =	508002 ] generated
log: tumor_stp4inv-19/20	 [ filesize =	237830 ] generated
log: tumor_stp4inv-20/20	 [ filesize =	117749 ] generated
log: tumor_stp4del-13/13	 [ filesize =	245549 ] generated
log: tumor_stp5-1/5	 [	156 cluster,	filesize =	25782 ] generated
log: tumor_stp5-2/5	 [	156 cluster,	filesize =	25242 ] generated
log: tumor_stp5-3/5	 [	156 cluster,	filesize =	25242 ] generated
log: tumor_stp5-4/5	 [	156 cluster,	filesize =	18786 ] generated
log: tumor_stp5-5/5	 [	156 cluster,	filesize =	15456 ] generated
